The system is: Darwin - 20.3.0 - x86_64
Compiling the CXX compiler identification source file "CMakeCXXCompilerId.cpp" succeeded.
Compiler: /Library/Developer/CommandLineTools/usr/bin/c++ 
Build flags: 
Id flags: -c 

The output was:
0


Compilation of the CXX compiler identification source "CMakeCXXCompilerId.cpp" produced "CMakeCXXCompilerId.o"

The CXX compiler identification is AppleClang, found in "/Users/valerij/Desktop/cpp-starter-project/build/CMakeFiles/3.19.2/CompilerIdCXX/CMakeCXXCompilerId.o"

Detecting CXX compiler ABI info compiled with the following output:
Change Dir: /Users/valerij/Desktop/cpp-starter-project/build/CMakeFiles/CMakeTmp

Run Build Command(s):/usr/local/bin/ninja cmTC_f9026 && [1/2] Building CXX object CMakeFiles/cmTC_f9026.dir/CMakeCXXCompilerABI.cpp.o
Apple clang version 12.0.0 (clang-1200.0.31.1)
Target: x86_64-apple-darwin20.3.0
Thread model: posix
InstalledDir: /Library/Developer/CommandLineTools/usr/bin
clang: warning: -Wl,-v: 'linker' input unused [-Wunused-command-line-argument]
ignoring nonexistent directory "/Library/Developer/CommandLineTools/SDKs/MacOSX11.0.sdk/usr/include/c++/v1"
 "/Library/Developer/CommandLineTools/usr/bin/clang" -cc1 -triple x86_64-apple-macosx11.0.0 -Wdeprecated-objc-isa-usage -Werror=deprecated-objc-isa-usage -Werror=implicit-function-declaration -emit-obj -mrelax-all -disable-free -disable-llvm-verifier -discard-value-names -main-file-name CMakeCXXCompilerABI.cpp -mrelocation-model pic -pic-level 2 -mthread-model posix -mframe-pointer=all -fno-strict-return -masm-verbose -munwind-tables -target-sdk-version=11.0 -target-cpu penryn -dwarf-column-info -debugger-tuning=lldb -target-linker-version 609 -v -resource-dir /Library/Developer/CommandLineTools/usr/lib/clang/12.0.0 -dependency-file CMakeFiles/cmTC_f9026.dir/CMakeCXXCompilerABI.cpp.o.d -skip-unused-modulemap-deps -MT CMakeFiles/cmTC_f9026.dir/CMakeCXXCompilerABI.cpp.o -sys-header-deps -isysroot /Library/Developer/CommandLineTools/SDKs/MacOSX11.0.sdk -stdlib=libc++ -internal-isystem /Library/Developer/CommandLineTools/usr/bin/../include/c++/v1 -internal-isystem /Library/Developer/CommandLineTools/SDKs/MacOSX11.0.sdk/usr/local/include -internal-isystem /Library/Developer/CommandLineTools/usr/lib/clang/12.0.0/include -internal-externc-isystem /Library/Developer/CommandLineTools/SDKs/MacOSX11.0.sdk/usr/include -internal-externc-isystem /Library/Developer/CommandLineTools/usr/include -Wno-reorder-init-list -Wno-implicit-int-float-conversion -Wno-c99-designator -Wno-final-dtor-non-final-class -Wno-extra-semi-stmt -Wno-misleading-indentation -Wno-quoted-include-in-framework-header -Wno-implicit-fallthrough -Wno-enum-enum-conversion -Wno-enum-float-conversion -fdeprecated-macro -fdebug-compilation-dir /Users/valerij/Desktop/cpp-starter-project/build/CMakeFiles/CMakeTmp -ferror-limit 19 -fmessage-length 0 -stack-protector 1 -fstack-check -mdarwin-stkchk-strong-link -fblocks -fencode-extended-block-signature -fregister-global-dtors-with-atexit -fgnuc-version=4.2.1 -fobjc-runtime=macosx-11.0.0 -fcxx-exceptions -fexceptions -fmax-type-align=16 -fdiagnostics-show-option -o CMakeFiles/cmTC_f9026.dir/CMakeCXXCompilerABI.cpp.o -x c++ /usr/local/Cellar/cmake/3.19.2/share/cmake/Modules/CMakeCXXCompilerABI.cpp
clang -cc1 version 12.0.0 (clang-1200.0.31.1) default target x86_64-apple-darwin20.3.0
ignoring nonexistent directory "/Library/Developer/CommandLineTools/SDKs/MacOSX11.0.sdk/usr/local/include"
ignoring nonexistent directory "/Library/Developer/CommandLineTools/SDKs/MacOSX11.0.sdk/Library/Frameworks"
#include "..." search starts here:
#include <...> search starts here:
 /Library/Developer/CommandLineTools/usr/bin/../include/c++/v1
 /Library/Developer/CommandLineTools/usr/lib/clang/12.0.0/include
 /Library/Developer/CommandLineTools/SDKs/MacOSX11.0.sdk/usr/include
 /Library/Developer/CommandLineTools/usr/include
 /Library/Developer/CommandLineTools/SDKs/MacOSX11.0.sdk/System/Library/Frameworks (framework directory)
End of search list.
[2/2] Linking CXX executable cmTC_f9026
Apple clang version 12.0.0 (clang-1200.0.31.1)
Target: x86_64-apple-darwin20.3.0
Thread model: posix
InstalledDir: /Library/Developer/CommandLineTools/usr/bin
 "/Library/Developer/CommandLineTools/usr/bin/ld" -demangle -lto_library /Library/Developer/CommandLineTools/usr/lib/libLTO.dylib -dynamic -arch x86_64 -platform_version macos 11.0.0 11.0 -syslibroot /Library/Developer/CommandLineTools/SDKs/MacOSX11.0.sdk -o cmTC_f9026 -search_paths_first -headerpad_max_install_names -v CMakeFiles/cmTC_f9026.dir/CMakeCXXCompilerABI.cpp.o -lc++ -lSystem /Library/Developer/CommandLineTools/usr/lib/clang/12.0.0/lib/darwin/libclang_rt.osx.a
@(#)PROGRAM:ld  PROJECT:ld64-609
BUILD 04:42:03 Aug 10 2020
configured to support archs: armv6 armv7 armv7s arm64 arm64e arm64_32 i386 x86_64 x86_64h armv6m armv7k armv7m armv7em
Library search paths:
	/Library/Developer/CommandLineTools/SDKs/MacOSX11.0.sdk/usr/lib
Framework search paths:
	/Library/Developer/CommandLineTools/SDKs/MacOSX11.0.sdk/System/Library/Frameworks/



Parsed CXX implicit include dir info from above output: rv=done
  found start of include info
  found start of implicit include info
    add: [/Library/Developer/CommandLineTools/usr/bin/../include/c++/v1]
    add: [/Library/Developer/CommandLineTools/usr/lib/clang/12.0.0/include]
    add: [/Library/Developer/CommandLineTools/SDKs/MacOSX11.0.sdk/usr/include]
    add: [/Library/Developer/CommandLineTools/usr/include]
  end of search list found
  collapse include dir [/Library/Developer/CommandLineTools/usr/bin/../include/c++/v1] ==> [/Library/Developer/CommandLineTools/usr/include/c++/v1]
  collapse include dir [/Library/Developer/CommandLineTools/usr/lib/clang/12.0.0/include] ==> [/Library/Developer/CommandLineTools/usr/lib/clang/12.0.0/include]
  collapse include dir [/Library/Developer/CommandLineTools/SDKs/MacOSX11.0.sdk/usr/include] ==> [/Library/Developer/CommandLineTools/SDKs/MacOSX11.0.sdk/usr/include]
  collapse include dir [/Library/Developer/CommandLineTools/usr/include] ==> [/Library/Developer/CommandLineTools/usr/include]
  implicit include dirs: [/Library/Developer/CommandLineTools/usr/include/c++/v1;/Library/Developer/CommandLineTools/usr/lib/clang/12.0.0/include;/Library/Developer/CommandLineTools/SDKs/MacOSX11.0.sdk/usr/include;/Library/Developer/CommandLineTools/usr/include]


Parsed CXX implicit link information from above output:
  link line regex: [^( *|.*[/\])(ld|CMAKE_LINK_STARTFILE-NOTFOUND|([^/\]+-)?ld|collect2)[^/\]*( |$)]
  ignore line: [Change Dir: /Users/valerij/Desktop/cpp-starter-project/build/CMakeFiles/CMakeTmp]
  ignore line: []
  ignore line: [Run Build Command(s):/usr/local/bin/ninja cmTC_f9026 && [1/2] Building CXX object CMakeFiles/cmTC_f9026.dir/CMakeCXXCompilerABI.cpp.o]
  ignore line: [Apple clang version 12.0.0 (clang-1200.0.31.1)]
  ignore line: [Target: x86_64-apple-darwin20.3.0]
  ignore line: [Thread model: posix]
  ignore line: [InstalledDir: /Library/Developer/CommandLineTools/usr/bin]
  ignore line: [clang: warning: -Wl -v: 'linker' input unused [-Wunused-command-line-argument]]
  ignore line: [ignoring nonexistent directory "/Library/Developer/CommandLineTools/SDKs/MacOSX11.0.sdk/usr/include/c++/v1"]
  ignore line: [ "/Library/Developer/CommandLineTools/usr/bin/clang" -cc1 -triple x86_64-apple-macosx11.0.0 -Wdeprecated-objc-isa-usage -Werror=deprecated-objc-isa-usage -Werror=implicit-function-declaration -emit-obj -mrelax-all -disable-free -disable-llvm-verifier -discard-value-names -main-file-name CMakeCXXCompilerABI.cpp -mrelocation-model pic -pic-level 2 -mthread-model posix -mframe-pointer=all -fno-strict-return -masm-verbose -munwind-tables -target-sdk-version=11.0 -target-cpu penryn -dwarf-column-info -debugger-tuning=lldb -target-linker-version 609 -v -resource-dir /Library/Developer/CommandLineTools/usr/lib/clang/12.0.0 -dependency-file CMakeFiles/cmTC_f9026.dir/CMakeCXXCompilerABI.cpp.o.d -skip-unused-modulemap-deps -MT CMakeFiles/cmTC_f9026.dir/CMakeCXXCompilerABI.cpp.o -sys-header-deps -isysroot /Library/Developer/CommandLineTools/SDKs/MacOSX11.0.sdk -stdlib=libc++ -internal-isystem /Library/Developer/CommandLineTools/usr/bin/../include/c++/v1 -internal-isystem /Library/Developer/CommandLineTools/SDKs/MacOSX11.0.sdk/usr/local/include -internal-isystem /Library/Developer/CommandLineTools/usr/lib/clang/12.0.0/include -internal-externc-isystem /Library/Developer/CommandLineTools/SDKs/MacOSX11.0.sdk/usr/include -internal-externc-isystem /Library/Developer/CommandLineTools/usr/include -Wno-reorder-init-list -Wno-implicit-int-float-conversion -Wno-c99-designator -Wno-final-dtor-non-final-class -Wno-extra-semi-stmt -Wno-misleading-indentation -Wno-quoted-include-in-framework-header -Wno-implicit-fallthrough -Wno-enum-enum-conversion -Wno-enum-float-conversion -fdeprecated-macro -fdebug-compilation-dir /Users/valerij/Desktop/cpp-starter-project/build/CMakeFiles/CMakeTmp -ferror-limit 19 -fmessage-length 0 -stack-protector 1 -fstack-check -mdarwin-stkchk-strong-link -fblocks -fencode-extended-block-signature -fregister-global-dtors-with-atexit -fgnuc-version=4.2.1 -fobjc-runtime=macosx-11.0.0 -fcxx-exceptions -fexceptions -fmax-type-align=16 -fdiagnostics-show-option -o CMakeFiles/cmTC_f9026.dir/CMakeCXXCompilerABI.cpp.o -x c++ /usr/local/Cellar/cmake/3.19.2/share/cmake/Modules/CMakeCXXCompilerABI.cpp]
  ignore line: [clang -cc1 version 12.0.0 (clang-1200.0.31.1) default target x86_64-apple-darwin20.3.0]
  ignore line: [ignoring nonexistent directory "/Library/Developer/CommandLineTools/SDKs/MacOSX11.0.sdk/usr/local/include"]
  ignore line: [ignoring nonexistent directory "/Library/Developer/CommandLineTools/SDKs/MacOSX11.0.sdk/Library/Frameworks"]
  ignore line: [#include "..." search starts here:]
  ignore line: [#include <...> search starts here:]
  ignore line: [ /Library/Developer/CommandLineTools/usr/bin/../include/c++/v1]
  ignore line: [ /Library/Developer/CommandLineTools/usr/lib/clang/12.0.0/include]
  ignore line: [ /Library/Developer/CommandLineTools/SDKs/MacOSX11.0.sdk/usr/include]
  ignore line: [ /Library/Developer/CommandLineTools/usr/include]
  ignore line: [ /Library/Developer/CommandLineTools/SDKs/MacOSX11.0.sdk/System/Library/Frameworks (framework directory)]
  ignore line: [End of search list.]
  ignore line: [[2/2] Linking CXX executable cmTC_f9026]
  ignore line: [Apple clang version 12.0.0 (clang-1200.0.31.1)]
  ignore line: [Target: x86_64-apple-darwin20.3.0]
  ignore line: [Thread model: posix]
  ignore line: [InstalledDir: /Library/Developer/CommandLineTools/usr/bin]
  link line: [ "/Library/Developer/CommandLineTools/usr/bin/ld" -demangle -lto_library /Library/Developer/CommandLineTools/usr/lib/libLTO.dylib -dynamic -arch x86_64 -platform_version macos 11.0.0 11.0 -syslibroot /Library/Developer/CommandLineTools/SDKs/MacOSX11.0.sdk -o cmTC_f9026 -search_paths_first -headerpad_max_install_names -v CMakeFiles/cmTC_f9026.dir/CMakeCXXCompilerABI.cpp.o -lc++ -lSystem /Library/Developer/CommandLineTools/usr/lib/clang/12.0.0/lib/darwin/libclang_rt.osx.a]
    arg [/Library/Developer/CommandLineTools/usr/bin/ld] ==> ignore
    arg [-demangle] ==> ignore
    arg [-lto_library] ==> ignore, skip following value
    arg [/Library/Developer/CommandLineTools/usr/lib/libLTO.dylib] ==> skip value of -lto_library
    arg [-dynamic] ==> ignore
    arg [-arch] ==> ignore
    arg [x86_64] ==> ignore
    arg [-platform_version] ==> ignore
    arg [macos] ==> ignore
    arg [11.0.0] ==> ignore
    arg [11.0] ==> ignore
    arg [-syslibroot] ==> ignore
    arg [/Library/Developer/CommandLineTools/SDKs/MacOSX11.0.sdk] ==> ignore
    arg [-o] ==> ignore
    arg [cmTC_f9026] ==> ignore
    arg [-search_paths_first] ==> ignore
    arg [-headerpad_max_install_names] ==> ignore
    arg [-v] ==> ignore
    arg [CMakeFiles/cmTC_f9026.dir/CMakeCXXCompilerABI.cpp.o] ==> ignore
    arg [-lc++] ==> lib [c++]
    arg [-lSystem] ==> lib [System]
    arg [/Library/Developer/CommandLineTools/usr/lib/clang/12.0.0/lib/darwin/libclang_rt.osx.a] ==> lib [/Library/Developer/CommandLineTools/usr/lib/clang/12.0.0/lib/darwin/libclang_rt.osx.a]
  Library search paths: [;/Library/Developer/CommandLineTools/SDKs/MacOSX11.0.sdk/usr/lib]
  Framework search paths: [;/Library/Developer/CommandLineTools/SDKs/MacOSX11.0.sdk/System/Library/Frameworks/]
  remove lib [System]
  remove lib [/Library/Developer/CommandLineTools/usr/lib/clang/12.0.0/lib/darwin/libclang_rt.osx.a]
  collapse library dir [/Library/Developer/CommandLineTools/SDKs/MacOSX11.0.sdk/usr/lib] ==> [/Library/Developer/CommandLineTools/SDKs/MacOSX11.0.sdk/usr/lib]
  collapse framework dir [/Library/Developer/CommandLineTools/SDKs/MacOSX11.0.sdk/System/Library/Frameworks/] ==> [/Library/Developer/CommandLineTools/SDKs/MacOSX11.0.sdk/System/Library/Frameworks]
  implicit libs: [c++]
  implicit dirs: [/Library/Developer/CommandLineTools/SDKs/MacOSX11.0.sdk/usr/lib]
  implicit fwks: [/Library/Developer/CommandLineTools/SDKs/MacOSX11.0.sdk/System/Library/Frameworks]


Compiling the C compiler identification source file "CMakeCCompilerId.c" succeeded.
Compiler: /usr/local/bin/x86_64-apple-darwin20-gcc-10.2.0 
Build flags: ;
Id flags:  

The output was:
0


Compilation of the C compiler identification source "CMakeCCompilerId.c" produced "a.out"

The C compiler identification is GNU, found in "/Users/valerij/Desktop/cpp-starter-project/build/CMakeFiles/3.19.2/CompilerIdC/a.out"

Checking whether the ASM compiler is GNU using "--version" matched "(GNU assembler)|(GCC)|(Free Software Foundation)":
x86_64-apple-darwin20-gcc-10.2.0 (Homebrew GCC 10.2.0_2) 10.2.0
Copyright (C) 2020 Free Software Foundation, Inc.
This is free software; see the source for copying conditions.  There is NO
warranty; not even for MERCHANTABILITY or FITNESS FOR A PARTICULAR PURPOSE.

Detecting C compiler ABI info compiled with the following output:
Change Dir: /Users/valerij/Desktop/cpp-starter-project/build/CMakeFiles/CMakeTmp

Run Build Command(s):/usr/local/bin/ninja cmTC_196f0 && [1/2  50% :: 0.075] Building C object CMakeFiles/cmTC_196f0.dir/CMakeCCompilerABI.c.o
Using built-in specs.
COLLECT_GCC=/usr/local/bin/x86_64-apple-darwin20-gcc-10.2.0
Target: x86_64-apple-darwin20
Configured with: ../configure --build=x86_64-apple-darwin20 --prefix=/usr/local/Cellar/gcc/10.2.0_2 --libdir=/usr/local/Cellar/gcc/10.2.0_2/lib/gcc/10 --disable-nls --enable-checking=release --enable-languages=c,c++,objc,obj-c++,fortran --program-suffix=-10 --with-gmp=/usr/local/opt/gmp --with-mpfr=/usr/local/opt/mpfr --with-mpc=/usr/local/opt/libmpc --with-isl=/usr/local/opt/isl --with-system-zlib --with-pkgversion='Homebrew GCC 10.2.0_2' --with-bugurl=https://github.com/Homebrew/homebrew-core/issues --disable-multilib --with-native-system-header-dir=/usr/include --with-sysroot=/Library/Developer/CommandLineTools/SDKs/MacOSX.sdk SED=/usr/bin/sed
Thread model: posix
Supported LTO compression algorithms: zlib
gcc version 10.2.0 (Homebrew GCC 10.2.0_2) 
COLLECT_GCC_OPTIONS='-isysroot' '/Library/Developer/CommandLineTools/SDKs/MacOSX11.0.sdk' '-v' '-o' 'CMakeFiles/cmTC_196f0.dir/CMakeCCompilerABI.c.o' '-c' '-mmacosx-version-min=11.0.0' '-asm_macosx_version_min=11.0' '-mtune=core2'
 /usr/local/Cellar/gcc/10.2.0_2/libexec/gcc/x86_64-apple-darwin20/10.2.0/cc1 -quiet -v -D__DYNAMIC__ -isysroot /Library/Developer/CommandLineTools/SDKs/MacOSX11.0.sdk /usr/local/Cellar/cmake/3.19.2/share/cmake/Modules/CMakeCCompilerABI.c -fPIC -quiet -dumpbase CMakeCCompilerABI.c -mmacosx-version-min=11.0.0 -mtune=core2 -auxbase-strip CMakeFiles/cmTC_196f0.dir/CMakeCCompilerABI.c.o -version -o /var/folders/jv/hl2p2d0s15304yndzcxhxgfr0000gn/T//ccB4ciAl.s
GNU C17 (Homebrew GCC 10.2.0_2) version 10.2.0 (x86_64-apple-darwin20)
	compiled by GNU C version 10.2.0, GMP version 6.2.1, MPFR version 4.1.0, MPC version 1.2.1, isl version isl-0.23-GMP

GGC heuristics: --param ggc-min-expand=100 --param ggc-min-heapsize=131072
ignoring nonexistent directory "/Library/Developer/CommandLineTools/SDKs/MacOSX11.0.sdk/usr/local/include"
ignoring nonexistent directory "/usr/local/Cellar/gcc/10.2.0_2/lib/gcc/10/gcc/x86_64-apple-darwin20/10.2.0/../../../../../../x86_64-apple-darwin20/include"
ignoring nonexistent directory "/Library/Developer/CommandLineTools/SDKs/MacOSX11.0.sdk/Library/Frameworks"
#include "..." search starts here:
#include <...> search starts here:
 /usr/local/Cellar/gcc/10.2.0_2/lib/gcc/10/gcc/x86_64-apple-darwin20/10.2.0/include
 /usr/local/Cellar/gcc/10.2.0_2/lib/gcc/10/gcc/x86_64-apple-darwin20/10.2.0/include-fixed
 /Library/Developer/CommandLineTools/SDKs/MacOSX11.0.sdk/usr/include
 /Library/Developer/CommandLineTools/SDKs/MacOSX11.0.sdk/System/Library/Frameworks
End of search list.
GNU C17 (Homebrew GCC 10.2.0_2) version 10.2.0 (x86_64-apple-darwin20)
	compiled by GNU C version 10.2.0, GMP version 6.2.1, MPFR version 4.1.0, MPC version 1.2.1, isl version isl-0.23-GMP

GGC heuristics: --param ggc-min-expand=100 --param ggc-min-heapsize=131072
Compiler executable checksum: 7f03573292b1c4ad1e044e304c10d872
COLLECT_GCC_OPTIONS='-isysroot' '/Library/Developer/CommandLineTools/SDKs/MacOSX11.0.sdk' '-v' '-o' 'CMakeFiles/cmTC_196f0.dir/CMakeCCompilerABI.c.o' '-c' '-mmacosx-version-min=11.0.0'  '-mtune=core2'
 as -arch x86_64 -v -force_cpusubtype_ALL -mmacosx-version-min=11.0 -o CMakeFiles/cmTC_196f0.dir/CMakeCCompilerABI.c.o /var/folders/jv/hl2p2d0s15304yndzcxhxgfr0000gn/T//ccB4ciAl.s
Apple clang version 12.0.5 (clang-1205.0.22.9)
Target: x86_64-apple-darwin20.3.0
Thread model: posix
InstalledDir: /Applications/Xcode.app/Contents/Developer/Toolchains/XcodeDefault.xctoolchain/usr/bin
 "/Applications/Xcode.app/Contents/Developer/Toolchains/XcodeDefault.xctoolchain/usr/bin/clang" -cc1as -triple x86_64-apple-macosx11.0.0 -filetype obj -main-file-name ccB4ciAl.s -target-cpu penryn -fdebug-compilation-dir /Users/valerij/Desktop/cpp-starter-project/build/CMakeFiles/CMakeTmp -dwarf-debug-producer "Apple clang version 12.0.5 (clang-1205.0.22.9)" -dwarf-version=4 -mrelocation-model pic -mllvm -disable-aligned-alloc-awareness=1 -o CMakeFiles/cmTC_196f0.dir/CMakeCCompilerABI.c.o /var/folders/jv/hl2p2d0s15304yndzcxhxgfr0000gn/T//ccB4ciAl.s
COMPILER_PATH=/usr/local/Cellar/gcc/10.2.0_2/libexec/gcc/x86_64-apple-darwin20/10.2.0/:/usr/local/Cellar/gcc/10.2.0_2/libexec/gcc/x86_64-apple-darwin20/10.2.0/:/usr/local/Cellar/gcc/10.2.0_2/libexec/gcc/x86_64-apple-darwin20/:/usr/local/Cellar/gcc/10.2.0_2/lib/gcc/10/gcc/x86_64-apple-darwin20/10.2.0/:/usr/local/Cellar/gcc/10.2.0_2/lib/gcc/10/gcc/x86_64-apple-darwin20/
LIBRARY_PATH=/usr/local/Cellar/gcc/10.2.0_2/lib/gcc/10/gcc/x86_64-apple-darwin20/10.2.0/:/usr/local/Cellar/gcc/10.2.0_2/lib/gcc/10/gcc/x86_64-apple-darwin20/10.2.0/../../../
COLLECT_GCC_OPTIONS='-isysroot' '/Library/Developer/CommandLineTools/SDKs/MacOSX11.0.sdk' '-v' '-o' 'CMakeFiles/cmTC_196f0.dir/CMakeCCompilerABI.c.o' '-c' '-mmacosx-version-min=11.0.0'  '-mtune=core2'
[2/2 100% :: 0.142] Linking C executable cmTC_196f0
Using built-in specs.
COLLECT_GCC=/usr/local/bin/x86_64-apple-darwin20-gcc-10.2.0
COLLECT_LTO_WRAPPER=/usr/local/Cellar/gcc/10.2.0_2/libexec/gcc/x86_64-apple-darwin20/10.2.0/lto-wrapper
Target: x86_64-apple-darwin20
Configured with: ../configure --build=x86_64-apple-darwin20 --prefix=/usr/local/Cellar/gcc/10.2.0_2 --libdir=/usr/local/Cellar/gcc/10.2.0_2/lib/gcc/10 --disable-nls --enable-checking=release --enable-languages=c,c++,objc,obj-c++,fortran --program-suffix=-10 --with-gmp=/usr/local/opt/gmp --with-mpfr=/usr/local/opt/mpfr --with-mpc=/usr/local/opt/libmpc --with-isl=/usr/local/opt/isl --with-system-zlib --with-pkgversion='Homebrew GCC 10.2.0_2' --with-bugurl=https://github.com/Homebrew/homebrew-core/issues --disable-multilib --with-native-system-header-dir=/usr/include --with-sysroot=/Library/Developer/CommandLineTools/SDKs/MacOSX.sdk SED=/usr/bin/sed
Thread model: posix
Supported LTO compression algorithms: zlib
gcc version 10.2.0 (Homebrew GCC 10.2.0_2) 
COMPILER_PATH=/usr/local/Cellar/gcc/10.2.0_2/libexec/gcc/x86_64-apple-darwin20/10.2.0/:/usr/local/Cellar/gcc/10.2.0_2/libexec/gcc/x86_64-apple-darwin20/10.2.0/:/usr/local/Cellar/gcc/10.2.0_2/libexec/gcc/x86_64-apple-darwin20/:/usr/local/Cellar/gcc/10.2.0_2/lib/gcc/10/gcc/x86_64-apple-darwin20/10.2.0/:/usr/local/Cellar/gcc/10.2.0_2/lib/gcc/10/gcc/x86_64-apple-darwin20/
LIBRARY_PATH=/usr/local/Cellar/gcc/10.2.0_2/lib/gcc/10/gcc/x86_64-apple-darwin20/10.2.0/:/usr/local/Cellar/gcc/10.2.0_2/lib/gcc/10/gcc/x86_64-apple-darwin20/10.2.0/../../../
COLLECT_GCC_OPTIONS='-isysroot' '/Library/Developer/CommandLineTools/SDKs/MacOSX11.0.sdk' '-v' '-o' 'cmTC_196f0' '-mmacosx-version-min=11.0.0' '-asm_macosx_version_min=11.0' '-mtune=core2'
 /usr/local/Cellar/gcc/10.2.0_2/libexec/gcc/x86_64-apple-darwin20/10.2.0/collect2 -dynamic -arch x86_64 -macosx_version_min 11.0.0 -syslibroot /Library/Developer/CommandLineTools/SDKs/MacOSX11.0.sdk -weak_reference_mismatches non-weak -o cmTC_196f0 -L/usr/local/Cellar/gcc/10.2.0_2/lib/gcc/10/gcc/x86_64-apple-darwin20/10.2.0 -L/usr/local/Cellar/gcc/10.2.0_2/lib/gcc/10/gcc/x86_64-apple-darwin20/10.2.0/../../.. -search_paths_first -headerpad_max_install_names -v CMakeFiles/cmTC_196f0.dir/CMakeCCompilerABI.c.o -lSystem -lgcc_ext.10.5 -lgcc -lSystem -no_compact_unwind -v
collect2 version 10.2.0
/usr/bin/ld -dynamic -arch x86_64 -macosx_version_min 11.0.0 -syslibroot /Library/Developer/CommandLineTools/SDKs/MacOSX11.0.sdk -weak_reference_mismatches non-weak -o cmTC_196f0 -L/usr/local/Cellar/gcc/10.2.0_2/lib/gcc/10/gcc/x86_64-apple-darwin20/10.2.0 -L/usr/local/Cellar/gcc/10.2.0_2/lib/gcc/10/gcc/x86_64-apple-darwin20/10.2.0/../../.. -search_paths_first -headerpad_max_install_names -v CMakeFiles/cmTC_196f0.dir/CMakeCCompilerABI.c.o -lSystem -lgcc_ext.10.5 -lgcc -lSystem -no_compact_unwind -v
@(#)PROGRAM:ld  PROJECT:ld64-650.9
BUILD 00:19:30 Mar 17 2021
configured to support archs: armv6 armv7 armv7s arm64 arm64e arm64_32 i386 x86_64 x86_64h armv6m armv7k armv7m armv7em
@(#)PROGRAM:ld  PROJECT:ld64-650.9
BUILD 00:19:30 Mar 17 2021
configured to support archs: armv6 armv7 armv7s arm64 arm64e arm64_32 i386 x86_64 x86_64h armv6m armv7k armv7m armv7em
Library search paths:
	/usr/local/Cellar/gcc/10.2.0_2/lib/gcc/10/gcc/x86_64-apple-darwin20/10.2.0
	/usr/local/Cellar/gcc/10.2.0_2/lib/gcc/10
	/Library/Developer/CommandLineTools/SDKs/MacOSX11.0.sdk/usr/lib
Framework search paths:
	/Library/Developer/CommandLineTools/SDKs/MacOSX11.0.sdk/System/Library/Frameworks/



Parsed C implicit include dir info from above output: rv=done
  found start of include info
  found start of implicit include info
    add: [/usr/local/Cellar/gcc/10.2.0_2/lib/gcc/10/gcc/x86_64-apple-darwin20/10.2.0/include]
    add: [/usr/local/Cellar/gcc/10.2.0_2/lib/gcc/10/gcc/x86_64-apple-darwin20/10.2.0/include-fixed]
    add: [/Library/Developer/CommandLineTools/SDKs/MacOSX11.0.sdk/usr/include]
    add: [/Library/Developer/CommandLineTools/SDKs/MacOSX11.0.sdk/System/Library/Frameworks]
  end of search list found
  collapse include dir [/usr/local/Cellar/gcc/10.2.0_2/lib/gcc/10/gcc/x86_64-apple-darwin20/10.2.0/include] ==> [/usr/local/Cellar/gcc/10.2.0_2/lib/gcc/10/gcc/x86_64-apple-darwin20/10.2.0/include]
  collapse include dir [/usr/local/Cellar/gcc/10.2.0_2/lib/gcc/10/gcc/x86_64-apple-darwin20/10.2.0/include-fixed] ==> [/usr/local/Cellar/gcc/10.2.0_2/lib/gcc/10/gcc/x86_64-apple-darwin20/10.2.0/include-fixed]
  collapse include dir [/Library/Developer/CommandLineTools/SDKs/MacOSX11.0.sdk/usr/include] ==> [/Library/Developer/CommandLineTools/SDKs/MacOSX11.0.sdk/usr/include]
  collapse include dir [/Library/Developer/CommandLineTools/SDKs/MacOSX11.0.sdk/System/Library/Frameworks] ==> [/Library/Developer/CommandLineTools/SDKs/MacOSX11.0.sdk/System/Library/Frameworks]
  implicit include dirs: [/usr/local/Cellar/gcc/10.2.0_2/lib/gcc/10/gcc/x86_64-apple-darwin20/10.2.0/include;/usr/local/Cellar/gcc/10.2.0_2/lib/gcc/10/gcc/x86_64-apple-darwin20/10.2.0/include-fixed;/Library/Developer/CommandLineTools/SDKs/MacOSX11.0.sdk/usr/include;/Library/Developer/CommandLineTools/SDKs/MacOSX11.0.sdk/System/Library/Frameworks]


Parsed C implicit link information from above output:
  link line regex: [^( *|.*[/\])(ld|CMAKE_LINK_STARTFILE-NOTFOUND|([^/\]+-)?ld|collect2)[^/\]*( |$)]
  ignore line: [Change Dir: /Users/valerij/Desktop/cpp-starter-project/build/CMakeFiles/CMakeTmp]
  ignore line: []
  ignore line: [Run Build Command(s):/usr/local/bin/ninja cmTC_196f0 && [1/2  50% :: 0.075] Building C object CMakeFiles/cmTC_196f0.dir/CMakeCCompilerABI.c.o]
  ignore line: [Using built-in specs.]
  ignore line: [COLLECT_GCC=/usr/local/bin/x86_64-apple-darwin20-gcc-10.2.0]
  ignore line: [Target: x86_64-apple-darwin20]
  ignore line: [Configured with: ../configure --build=x86_64-apple-darwin20 --prefix=/usr/local/Cellar/gcc/10.2.0_2 --libdir=/usr/local/Cellar/gcc/10.2.0_2/lib/gcc/10 --disable-nls --enable-checking=release --enable-languages=c c++ objc obj-c++ fortran --program-suffix=-10 --with-gmp=/usr/local/opt/gmp --with-mpfr=/usr/local/opt/mpfr --with-mpc=/usr/local/opt/libmpc --with-isl=/usr/local/opt/isl --with-system-zlib --with-pkgversion='Homebrew GCC 10.2.0_2' --with-bugurl=https://github.com/Homebrew/homebrew-core/issues --disable-multilib --with-native-system-header-dir=/usr/include --with-sysroot=/Library/Developer/CommandLineTools/SDKs/MacOSX.sdk SED=/usr/bin/sed]
  ignore line: [Thread model: posix]
  ignore line: [Supported LTO compression algorithms: zlib]
  ignore line: [gcc version 10.2.0 (Homebrew GCC 10.2.0_2) ]
  ignore line: [COLLECT_GCC_OPTIONS='-isysroot' '/Library/Developer/CommandLineTools/SDKs/MacOSX11.0.sdk' '-v' '-o' 'CMakeFiles/cmTC_196f0.dir/CMakeCCompilerABI.c.o' '-c' '-mmacosx-version-min=11.0.0' '-asm_macosx_version_min=11.0' '-mtune=core2']
  ignore line: [ /usr/local/Cellar/gcc/10.2.0_2/libexec/gcc/x86_64-apple-darwin20/10.2.0/cc1 -quiet -v -D__DYNAMIC__ -isysroot /Library/Developer/CommandLineTools/SDKs/MacOSX11.0.sdk /usr/local/Cellar/cmake/3.19.2/share/cmake/Modules/CMakeCCompilerABI.c -fPIC -quiet -dumpbase CMakeCCompilerABI.c -mmacosx-version-min=11.0.0 -mtune=core2 -auxbase-strip CMakeFiles/cmTC_196f0.dir/CMakeCCompilerABI.c.o -version -o /var/folders/jv/hl2p2d0s15304yndzcxhxgfr0000gn/T//ccB4ciAl.s]
  ignore line: [GNU C17 (Homebrew GCC 10.2.0_2) version 10.2.0 (x86_64-apple-darwin20)]
  ignore line: [	compiled by GNU C version 10.2.0  GMP version 6.2.1  MPFR version 4.1.0  MPC version 1.2.1  isl version isl-0.23-GMP]
  ignore line: []
  ignore line: [GGC heuristics: --param ggc-min-expand=100 --param ggc-min-heapsize=131072]
  ignore line: [ignoring nonexistent directory "/Library/Developer/CommandLineTools/SDKs/MacOSX11.0.sdk/usr/local/include"]
  ignore line: [ignoring nonexistent directory "/usr/local/Cellar/gcc/10.2.0_2/lib/gcc/10/gcc/x86_64-apple-darwin20/10.2.0/../../../../../../x86_64-apple-darwin20/include"]
  ignore line: [ignoring nonexistent directory "/Library/Developer/CommandLineTools/SDKs/MacOSX11.0.sdk/Library/Frameworks"]
  ignore line: [#include "..." search starts here:]
  ignore line: [#include <...> search starts here:]
  ignore line: [ /usr/local/Cellar/gcc/10.2.0_2/lib/gcc/10/gcc/x86_64-apple-darwin20/10.2.0/include]
  ignore line: [ /usr/local/Cellar/gcc/10.2.0_2/lib/gcc/10/gcc/x86_64-apple-darwin20/10.2.0/include-fixed]
  ignore line: [ /Library/Developer/CommandLineTools/SDKs/MacOSX11.0.sdk/usr/include]
  ignore line: [ /Library/Developer/CommandLineTools/SDKs/MacOSX11.0.sdk/System/Library/Frameworks]
  ignore line: [End of search list.]
  ignore line: [GNU C17 (Homebrew GCC 10.2.0_2) version 10.2.0 (x86_64-apple-darwin20)]
  ignore line: [	compiled by GNU C version 10.2.0  GMP version 6.2.1  MPFR version 4.1.0  MPC version 1.2.1  isl version isl-0.23-GMP]
  ignore line: []
  ignore line: [GGC heuristics: --param ggc-min-expand=100 --param ggc-min-heapsize=131072]
  ignore line: [Compiler executable checksum: 7f03573292b1c4ad1e044e304c10d872]
  ignore line: [COLLECT_GCC_OPTIONS='-isysroot' '/Library/Developer/CommandLineTools/SDKs/MacOSX11.0.sdk' '-v' '-o' 'CMakeFiles/cmTC_196f0.dir/CMakeCCompilerABI.c.o' '-c' '-mmacosx-version-min=11.0.0'  '-mtune=core2']
  ignore line: [ as -arch x86_64 -v -force_cpusubtype_ALL -mmacosx-version-min=11.0 -o CMakeFiles/cmTC_196f0.dir/CMakeCCompilerABI.c.o /var/folders/jv/hl2p2d0s15304yndzcxhxgfr0000gn/T//ccB4ciAl.s]
  ignore line: [Apple clang version 12.0.5 (clang-1205.0.22.9)]
  ignore line: [Target: x86_64-apple-darwin20.3.0]
  ignore line: [Thread model: posix]
  ignore line: [InstalledDir: /Applications/Xcode.app/Contents/Developer/Toolchains/XcodeDefault.xctoolchain/usr/bin]
  ignore line: [ "/Applications/Xcode.app/Contents/Developer/Toolchains/XcodeDefault.xctoolchain/usr/bin/clang" -cc1as -triple x86_64-apple-macosx11.0.0 -filetype obj -main-file-name ccB4ciAl.s -target-cpu penryn -fdebug-compilation-dir /Users/valerij/Desktop/cpp-starter-project/build/CMakeFiles/CMakeTmp -dwarf-debug-producer "Apple clang version 12.0.5 (clang-1205.0.22.9)" -dwarf-version=4 -mrelocation-model pic -mllvm -disable-aligned-alloc-awareness=1 -o CMakeFiles/cmTC_196f0.dir/CMakeCCompilerABI.c.o /var/folders/jv/hl2p2d0s15304yndzcxhxgfr0000gn/T//ccB4ciAl.s]
  ignore line: [COMPILER_PATH=/usr/local/Cellar/gcc/10.2.0_2/libexec/gcc/x86_64-apple-darwin20/10.2.0/:/usr/local/Cellar/gcc/10.2.0_2/libexec/gcc/x86_64-apple-darwin20/10.2.0/:/usr/local/Cellar/gcc/10.2.0_2/libexec/gcc/x86_64-apple-darwin20/:/usr/local/Cellar/gcc/10.2.0_2/lib/gcc/10/gcc/x86_64-apple-darwin20/10.2.0/:/usr/local/Cellar/gcc/10.2.0_2/lib/gcc/10/gcc/x86_64-apple-darwin20/]
  ignore line: [LIBRARY_PATH=/usr/local/Cellar/gcc/10.2.0_2/lib/gcc/10/gcc/x86_64-apple-darwin20/10.2.0/:/usr/local/Cellar/gcc/10.2.0_2/lib/gcc/10/gcc/x86_64-apple-darwin20/10.2.0/../../../]
  ignore line: [COLLECT_GCC_OPTIONS='-isysroot' '/Library/Developer/CommandLineTools/SDKs/MacOSX11.0.sdk' '-v' '-o' 'CMakeFiles/cmTC_196f0.dir/CMakeCCompilerABI.c.o' '-c' '-mmacosx-version-min=11.0.0'  '-mtune=core2']
  ignore line: [[2/2 100% :: 0.142] Linking C executable cmTC_196f0]
  ignore line: [Using built-in specs.]
  ignore line: [COLLECT_GCC=/usr/local/bin/x86_64-apple-darwin20-gcc-10.2.0]
  ignore line: [COLLECT_LTO_WRAPPER=/usr/local/Cellar/gcc/10.2.0_2/libexec/gcc/x86_64-apple-darwin20/10.2.0/lto-wrapper]
  ignore line: [Target: x86_64-apple-darwin20]
  ignore line: [Configured with: ../configure --build=x86_64-apple-darwin20 --prefix=/usr/local/Cellar/gcc/10.2.0_2 --libdir=/usr/local/Cellar/gcc/10.2.0_2/lib/gcc/10 --disable-nls --enable-checking=release --enable-languages=c c++ objc obj-c++ fortran --program-suffix=-10 --with-gmp=/usr/local/opt/gmp --with-mpfr=/usr/local/opt/mpfr --with-mpc=/usr/local/opt/libmpc --with-isl=/usr/local/opt/isl --with-system-zlib --with-pkgversion='Homebrew GCC 10.2.0_2' --with-bugurl=https://github.com/Homebrew/homebrew-core/issues --disable-multilib --with-native-system-header-dir=/usr/include --with-sysroot=/Library/Developer/CommandLineTools/SDKs/MacOSX.sdk SED=/usr/bin/sed]
  ignore line: [Thread model: posix]
  ignore line: [Supported LTO compression algorithms: zlib]
  ignore line: [gcc version 10.2.0 (Homebrew GCC 10.2.0_2) ]
  ignore line: [COMPILER_PATH=/usr/local/Cellar/gcc/10.2.0_2/libexec/gcc/x86_64-apple-darwin20/10.2.0/:/usr/local/Cellar/gcc/10.2.0_2/libexec/gcc/x86_64-apple-darwin20/10.2.0/:/usr/local/Cellar/gcc/10.2.0_2/libexec/gcc/x86_64-apple-darwin20/:/usr/local/Cellar/gcc/10.2.0_2/lib/gcc/10/gcc/x86_64-apple-darwin20/10.2.0/:/usr/local/Cellar/gcc/10.2.0_2/lib/gcc/10/gcc/x86_64-apple-darwin20/]
  ignore line: [LIBRARY_PATH=/usr/local/Cellar/gcc/10.2.0_2/lib/gcc/10/gcc/x86_64-apple-darwin20/10.2.0/:/usr/local/Cellar/gcc/10.2.0_2/lib/gcc/10/gcc/x86_64-apple-darwin20/10.2.0/../../../]
  ignore line: [COLLECT_GCC_OPTIONS='-isysroot' '/Library/Developer/CommandLineTools/SDKs/MacOSX11.0.sdk' '-v' '-o' 'cmTC_196f0' '-mmacosx-version-min=11.0.0' '-asm_macosx_version_min=11.0' '-mtune=core2']
  link line: [ /usr/local/Cellar/gcc/10.2.0_2/libexec/gcc/x86_64-apple-darwin20/10.2.0/collect2 -dynamic -arch x86_64 -macosx_version_min 11.0.0 -syslibroot /Library/Developer/CommandLineTools/SDKs/MacOSX11.0.sdk -weak_reference_mismatches non-weak -o cmTC_196f0 -L/usr/local/Cellar/gcc/10.2.0_2/lib/gcc/10/gcc/x86_64-apple-darwin20/10.2.0 -L/usr/local/Cellar/gcc/10.2.0_2/lib/gcc/10/gcc/x86_64-apple-darwin20/10.2.0/../../.. -search_paths_first -headerpad_max_install_names -v CMakeFiles/cmTC_196f0.dir/CMakeCCompilerABI.c.o -lSystem -lgcc_ext.10.5 -lgcc -lSystem -no_compact_unwind -v]
    arg [/usr/local/Cellar/gcc/10.2.0_2/libexec/gcc/x86_64-apple-darwin20/10.2.0/collect2] ==> ignore
    arg [-dynamic] ==> ignore
    arg [-arch] ==> ignore
    arg [x86_64] ==> ignore
    arg [-macosx_version_min] ==> ignore
    arg [11.0.0] ==> ignore
    arg [-syslibroot] ==> ignore
    arg [/Library/Developer/CommandLineTools/SDKs/MacOSX11.0.sdk] ==> ignore
    arg [-weak_reference_mismatches] ==> ignore
    arg [non-weak] ==> ignore
    arg [-o] ==> ignore
    arg [cmTC_196f0] ==> ignore
    arg [-L/usr/local/Cellar/gcc/10.2.0_2/lib/gcc/10/gcc/x86_64-apple-darwin20/10.2.0] ==> dir [/usr/local/Cellar/gcc/10.2.0_2/lib/gcc/10/gcc/x86_64-apple-darwin20/10.2.0]
    arg [-L/usr/local/Cellar/gcc/10.2.0_2/lib/gcc/10/gcc/x86_64-apple-darwin20/10.2.0/../../..] ==> dir [/usr/local/Cellar/gcc/10.2.0_2/lib/gcc/10/gcc/x86_64-apple-darwin20/10.2.0/../../..]
    arg [-search_paths_first] ==> ignore
    arg [-headerpad_max_install_names] ==> ignore
    arg [-v] ==> ignore
    arg [CMakeFiles/cmTC_196f0.dir/CMakeCCompilerABI.c.o] ==> ignore
    arg [-lSystem] ==> lib [System]
    arg [-lgcc_ext.10.5] ==> lib [gcc_ext.10.5]
    arg [-lgcc] ==> lib [gcc]
    arg [-lSystem] ==> lib [System]
    arg [-no_compact_unwind] ==> ignore
    arg [-v] ==> ignore
  Library search paths: [;/usr/local/Cellar/gcc/10.2.0_2/lib/gcc/10/gcc/x86_64-apple-darwin20/10.2.0;/usr/local/Cellar/gcc/10.2.0_2/lib/gcc/10;/Library/Developer/CommandLineTools/SDKs/MacOSX11.0.sdk/usr/lib]
  Framework search paths: [;/Library/Developer/CommandLineTools/SDKs/MacOSX11.0.sdk/System/Library/Frameworks/]
  remove lib [System]
  remove lib [System]
  collapse library dir [/usr/local/Cellar/gcc/10.2.0_2/lib/gcc/10/gcc/x86_64-apple-darwin20/10.2.0] ==> [/usr/local/Cellar/gcc/10.2.0_2/lib/gcc/10/gcc/x86_64-apple-darwin20/10.2.0]
  collapse library dir [/usr/local/Cellar/gcc/10.2.0_2/lib/gcc/10/gcc/x86_64-apple-darwin20/10.2.0/../../..] ==> [/usr/local/Cellar/gcc/10.2.0_2/lib/gcc/10]
  collapse library dir [/usr/local/Cellar/gcc/10.2.0_2/lib/gcc/10/gcc/x86_64-apple-darwin20/10.2.0] ==> [/usr/local/Cellar/gcc/10.2.0_2/lib/gcc/10/gcc/x86_64-apple-darwin20/10.2.0]
  collapse library dir [/usr/local/Cellar/gcc/10.2.0_2/lib/gcc/10] ==> [/usr/local/Cellar/gcc/10.2.0_2/lib/gcc/10]
  collapse library dir [/Library/Developer/CommandLineTools/SDKs/MacOSX11.0.sdk/usr/lib] ==> [/Library/Developer/CommandLineTools/SDKs/MacOSX11.0.sdk/usr/lib]
  collapse framework dir [/Library/Developer/CommandLineTools/SDKs/MacOSX11.0.sdk/System/Library/Frameworks/] ==> [/Library/Developer/CommandLineTools/SDKs/MacOSX11.0.sdk/System/Library/Frameworks]
  implicit libs: [gcc_ext.10.5;gcc]
  implicit dirs: [/usr/local/Cellar/gcc/10.2.0_2/lib/gcc/10/gcc/x86_64-apple-darwin20/10.2.0;/usr/local/Cellar/gcc/10.2.0_2/lib/gcc/10;/Library/Developer/CommandLineTools/SDKs/MacOSX11.0.sdk/usr/lib]
  implicit fwks: [/Library/Developer/CommandLineTools/SDKs/MacOSX11.0.sdk/System/Library/Frameworks]


Looking for a OBJC compiler passed with the following output:
-- The OBJC compiler identification is GNU 10.2.0
-- Checking whether OBJC compiler has -isysroot
-- Checking whether OBJC compiler has -isysroot - yes
-- Checking whether OBJC compiler supports OSX deployment target flag
-- Checking whether OBJC compiler supports OSX deployment target flag - yes
-- Detecting OBJC compiler ABI info
-- Detecting OBJC compiler ABI info - done
-- Check for working OBJC compiler: /usr/local/bin/x86_64-apple-darwin20-gcc-10.2.0 - skipped
-- Configuring done
-- Generating done
-- Build files have been written to: /Users/valerij/Desktop/cpp-starter-project/build/external/qt5/qtbase/CMakeFiles/CheckOBJC

Compiling the OBJC compiler identification source file "CMakeOBJCCompilerId.m" succeeded.
Compiler: /usr/local/bin/x86_64-apple-darwin20-gcc-10.2.0 
Build flags: 
Id flags:  

The output was:
0


Compilation of the OBJC compiler identification source "CMakeOBJCCompilerId.m" produced "a.out"

The OBJC compiler identification is GNU, found in "/Users/valerij/Desktop/cpp-starter-project/build/CMakeFiles/3.19.2/CompilerIdOBJC/a.out"

Detecting OBJC compiler ABI info compiled with the following output:
Change Dir: /Users/valerij/Desktop/cpp-starter-project/build/CMakeFiles/CMakeTmp

Run Build Command(s):/usr/local/bin/ninja cmTC_c33d0 && [1/2  50% :: 0.075] Building OBJC object CMakeFiles/cmTC_c33d0.dir/CMakeOBJCCompilerABI.m.o
Using built-in specs.
COLLECT_GCC=/usr/local/bin/x86_64-apple-darwin20-gcc-10.2.0
Target: x86_64-apple-darwin20
Configured with: ../configure --build=x86_64-apple-darwin20 --prefix=/usr/local/Cellar/gcc/10.2.0_2 --libdir=/usr/local/Cellar/gcc/10.2.0_2/lib/gcc/10 --disable-nls --enable-checking=release --enable-languages=c,c++,objc,obj-c++,fortran --program-suffix=-10 --with-gmp=/usr/local/opt/gmp --with-mpfr=/usr/local/opt/mpfr --with-mpc=/usr/local/opt/libmpc --with-isl=/usr/local/opt/isl --with-system-zlib --with-pkgversion='Homebrew GCC 10.2.0_2' --with-bugurl=https://github.com/Homebrew/homebrew-core/issues --disable-multilib --with-native-system-header-dir=/usr/include --with-sysroot=/Library/Developer/CommandLineTools/SDKs/MacOSX.sdk SED=/usr/bin/sed
Thread model: posix
Supported LTO compression algorithms: zlib
gcc version 10.2.0 (Homebrew GCC 10.2.0_2) 
COLLECT_GCC_OPTIONS='-isysroot' '/Library/Developer/CommandLineTools/SDKs/MacOSX11.0.sdk' '-fPIE' '-v' '-o' 'CMakeFiles/cmTC_c33d0.dir/CMakeOBJCCompilerABI.m.o' '-c' '-mmacosx-version-min=11.0.0' '-asm_macosx_version_min=11.0' '-mtune=core2'
 /usr/local/Cellar/gcc/10.2.0_2/libexec/gcc/x86_64-apple-darwin20/10.2.0/cc1obj -quiet -v -D__DYNAMIC__ -isysroot /Library/Developer/CommandLineTools/SDKs/MacOSX11.0.sdk /usr/local/Cellar/cmake/3.19.2/share/cmake/Modules/CMakeOBJCCompilerABI.m -fPIC -quiet -dumpbase CMakeOBJCCompilerABI.m -mmacosx-version-min=11.0.0 -mtune=core2 -auxbase-strip CMakeFiles/cmTC_c33d0.dir/CMakeOBJCCompilerABI.m.o -version -fPIE -o /var/folders/jv/hl2p2d0s15304yndzcxhxgfr0000gn/T//cccMkUN2.s
GNU Objective-C (Homebrew GCC 10.2.0_2) version 10.2.0 (x86_64-apple-darwin20)
	compiled by GNU C version 10.2.0, GMP version 6.2.1, MPFR version 4.1.0, MPC version 1.2.1, isl version isl-0.23-GMP

GGC heuristics: --param ggc-min-expand=100 --param ggc-min-heapsize=131072
ignoring nonexistent directory "/Library/Developer/CommandLineTools/SDKs/MacOSX11.0.sdk/usr/local/include"
ignoring nonexistent directory "/usr/local/Cellar/gcc/10.2.0_2/lib/gcc/10/gcc/x86_64-apple-darwin20/10.2.0/../../../../../../x86_64-apple-darwin20/include"
ignoring nonexistent directory "/Library/Developer/CommandLineTools/SDKs/MacOSX11.0.sdk/Library/Frameworks"
#include "..." search starts here:
#include <...> search starts here:
 /usr/local/Cellar/gcc/10.2.0_2/lib/gcc/10/gcc/x86_64-apple-darwin20/10.2.0/include
 /usr/local/Cellar/gcc/10.2.0_2/lib/gcc/10/gcc/x86_64-apple-darwin20/10.2.0/include-fixed
 /Library/Developer/CommandLineTools/SDKs/MacOSX11.0.sdk/usr/include
 /Library/Developer/CommandLineTools/SDKs/MacOSX11.0.sdk/System/Library/Frameworks
End of search list.
GNU Objective-C (Homebrew GCC 10.2.0_2) version 10.2.0 (x86_64-apple-darwin20)
	compiled by GNU C version 10.2.0, GMP version 6.2.1, MPFR version 4.1.0, MPC version 1.2.1, isl version isl-0.23-GMP

GGC heuristics: --param ggc-min-expand=100 --param ggc-min-heapsize=131072
Compiler executable checksum: 7ae48116ef900ac1c82703e81ddf8e55
COLLECT_GCC_OPTIONS='-isysroot' '/Library/Developer/CommandLineTools/SDKs/MacOSX11.0.sdk' '-fPIE' '-v' '-o' 'CMakeFiles/cmTC_c33d0.dir/CMakeOBJCCompilerABI.m.o' '-c' '-mmacosx-version-min=11.0.0'  '-mtune=core2'
 as -arch x86_64 -v -force_cpusubtype_ALL -mmacosx-version-min=11.0 -o CMakeFiles/cmTC_c33d0.dir/CMakeOBJCCompilerABI.m.o /var/folders/jv/hl2p2d0s15304yndzcxhxgfr0000gn/T//cccMkUN2.s
Apple clang version 12.0.5 (clang-1205.0.22.9)
Target: x86_64-apple-darwin20.3.0
Thread model: posix
InstalledDir: /Applications/Xcode.app/Contents/Developer/Toolchains/XcodeDefault.xctoolchain/usr/bin
 "/Applications/Xcode.app/Contents/Developer/Toolchains/XcodeDefault.xctoolchain/usr/bin/clang" -cc1as -triple x86_64-apple-macosx11.0.0 -filetype obj -main-file-name cccMkUN2.s -target-cpu penryn -fdebug-compilation-dir /Users/valerij/Desktop/cpp-starter-project/build/CMakeFiles/CMakeTmp -dwarf-debug-producer "Apple clang version 12.0.5 (clang-1205.0.22.9)" -dwarf-version=4 -mrelocation-model pic -mllvm -disable-aligned-alloc-awareness=1 -o CMakeFiles/cmTC_c33d0.dir/CMakeOBJCCompilerABI.m.o /var/folders/jv/hl2p2d0s15304yndzcxhxgfr0000gn/T//cccMkUN2.s
COMPILER_PATH=/usr/local/Cellar/gcc/10.2.0_2/libexec/gcc/x86_64-apple-darwin20/10.2.0/:/usr/local/Cellar/gcc/10.2.0_2/libexec/gcc/x86_64-apple-darwin20/10.2.0/:/usr/local/Cellar/gcc/10.2.0_2/libexec/gcc/x86_64-apple-darwin20/:/usr/local/Cellar/gcc/10.2.0_2/lib/gcc/10/gcc/x86_64-apple-darwin20/10.2.0/:/usr/local/Cellar/gcc/10.2.0_2/lib/gcc/10/gcc/x86_64-apple-darwin20/
LIBRARY_PATH=/usr/local/Cellar/gcc/10.2.0_2/lib/gcc/10/gcc/x86_64-apple-darwin20/10.2.0/:/usr/local/Cellar/gcc/10.2.0_2/lib/gcc/10/gcc/x86_64-apple-darwin20/10.2.0/../../../
COLLECT_GCC_OPTIONS='-isysroot' '/Library/Developer/CommandLineTools/SDKs/MacOSX11.0.sdk' '-fPIE' '-v' '-o' 'CMakeFiles/cmTC_c33d0.dir/CMakeOBJCCompilerABI.m.o' '-c' '-mmacosx-version-min=11.0.0'  '-mtune=core2'
[2/2 100% :: 0.138] Linking OBJC executable cmTC_c33d0
Using built-in specs.
COLLECT_GCC=/usr/local/bin/x86_64-apple-darwin20-gcc-10.2.0
COLLECT_LTO_WRAPPER=/usr/local/Cellar/gcc/10.2.0_2/libexec/gcc/x86_64-apple-darwin20/10.2.0/lto-wrapper
Target: x86_64-apple-darwin20
Configured with: ../configure --build=x86_64-apple-darwin20 --prefix=/usr/local/Cellar/gcc/10.2.0_2 --libdir=/usr/local/Cellar/gcc/10.2.0_2/lib/gcc/10 --disable-nls --enable-checking=release --enable-languages=c,c++,objc,obj-c++,fortran --program-suffix=-10 --with-gmp=/usr/local/opt/gmp --with-mpfr=/usr/local/opt/mpfr --with-mpc=/usr/local/opt/libmpc --with-isl=/usr/local/opt/isl --with-system-zlib --with-pkgversion='Homebrew GCC 10.2.0_2' --with-bugurl=https://github.com/Homebrew/homebrew-core/issues --disable-multilib --with-native-system-header-dir=/usr/include --with-sysroot=/Library/Developer/CommandLineTools/SDKs/MacOSX.sdk SED=/usr/bin/sed
Thread model: posix
Supported LTO compression algorithms: zlib
gcc version 10.2.0 (Homebrew GCC 10.2.0_2) 
COMPILER_PATH=/usr/local/Cellar/gcc/10.2.0_2/libexec/gcc/x86_64-apple-darwin20/10.2.0/:/usr/local/Cellar/gcc/10.2.0_2/libexec/gcc/x86_64-apple-darwin20/10.2.0/:/usr/local/Cellar/gcc/10.2.0_2/libexec/gcc/x86_64-apple-darwin20/:/usr/local/Cellar/gcc/10.2.0_2/lib/gcc/10/gcc/x86_64-apple-darwin20/10.2.0/:/usr/local/Cellar/gcc/10.2.0_2/lib/gcc/10/gcc/x86_64-apple-darwin20/
LIBRARY_PATH=/usr/local/Cellar/gcc/10.2.0_2/lib/gcc/10/gcc/x86_64-apple-darwin20/10.2.0/:/usr/local/Cellar/gcc/10.2.0_2/lib/gcc/10/gcc/x86_64-apple-darwin20/10.2.0/../../../
COLLECT_GCC_OPTIONS='-isysroot' '/Library/Developer/CommandLineTools/SDKs/MacOSX11.0.sdk' '-v' '-o' 'cmTC_c33d0' '-mmacosx-version-min=11.0.0' '-asm_macosx_version_min=11.0' '-mtune=core2'
 /usr/local/Cellar/gcc/10.2.0_2/libexec/gcc/x86_64-apple-darwin20/10.2.0/collect2 -dynamic -arch x86_64 -macosx_version_min 11.0.0 -syslibroot /Library/Developer/CommandLineTools/SDKs/MacOSX11.0.sdk -weak_reference_mismatches non-weak -o cmTC_c33d0 -L/usr/local/Cellar/gcc/10.2.0_2/lib/gcc/10/gcc/x86_64-apple-darwin20/10.2.0 -L/usr/local/Cellar/gcc/10.2.0_2/lib/gcc/10/gcc/x86_64-apple-darwin20/10.2.0/../../.. -search_paths_first -headerpad_max_install_names -v CMakeFiles/cmTC_c33d0.dir/CMakeOBJCCompilerABI.m.o -lSystem -lgcc_ext.10.5 -lgcc -lSystem -no_compact_unwind -v
collect2 version 10.2.0
/usr/bin/ld -dynamic -arch x86_64 -macosx_version_min 11.0.0 -syslibroot /Library/Developer/CommandLineTools/SDKs/MacOSX11.0.sdk -weak_reference_mismatches non-weak -o cmTC_c33d0 -L/usr/local/Cellar/gcc/10.2.0_2/lib/gcc/10/gcc/x86_64-apple-darwin20/10.2.0 -L/usr/local/Cellar/gcc/10.2.0_2/lib/gcc/10/gcc/x86_64-apple-darwin20/10.2.0/../../.. -search_paths_first -headerpad_max_install_names -v CMakeFiles/cmTC_c33d0.dir/CMakeOBJCCompilerABI.m.o -lSystem -lgcc_ext.10.5 -lgcc -lSystem -no_compact_unwind -v
@(#)PROGRAM:ld  PROJECT:ld64-650.9
BUILD 00:19:30 Mar 17 2021
configured to support archs: armv6 armv7 armv7s arm64 arm64e arm64_32 i386 x86_64 x86_64h armv6m armv7k armv7m armv7em
@(#)PROGRAM:ld  PROJECT:ld64-650.9
BUILD 00:19:30 Mar 17 2021
configured to support archs: armv6 armv7 armv7s arm64 arm64e arm64_32 i386 x86_64 x86_64h armv6m armv7k armv7m armv7em
Library search paths:
	/usr/local/Cellar/gcc/10.2.0_2/lib/gcc/10/gcc/x86_64-apple-darwin20/10.2.0
	/usr/local/Cellar/gcc/10.2.0_2/lib/gcc/10
	/Library/Developer/CommandLineTools/SDKs/MacOSX11.0.sdk/usr/lib
Framework search paths:
	/Library/Developer/CommandLineTools/SDKs/MacOSX11.0.sdk/System/Library/Frameworks/



Parsed OBJC implicit include dir info from above output: rv=done
  found start of include info
  found start of implicit include info
    add: [/usr/local/Cellar/gcc/10.2.0_2/lib/gcc/10/gcc/x86_64-apple-darwin20/10.2.0/include]
    add: [/usr/local/Cellar/gcc/10.2.0_2/lib/gcc/10/gcc/x86_64-apple-darwin20/10.2.0/include-fixed]
    add: [/Library/Developer/CommandLineTools/SDKs/MacOSX11.0.sdk/usr/include]
    add: [/Library/Developer/CommandLineTools/SDKs/MacOSX11.0.sdk/System/Library/Frameworks]
  end of search list found
  collapse include dir [/usr/local/Cellar/gcc/10.2.0_2/lib/gcc/10/gcc/x86_64-apple-darwin20/10.2.0/include] ==> [/usr/local/Cellar/gcc/10.2.0_2/lib/gcc/10/gcc/x86_64-apple-darwin20/10.2.0/include]
  collapse include dir [/usr/local/Cellar/gcc/10.2.0_2/lib/gcc/10/gcc/x86_64-apple-darwin20/10.2.0/include-fixed] ==> [/usr/local/Cellar/gcc/10.2.0_2/lib/gcc/10/gcc/x86_64-apple-darwin20/10.2.0/include-fixed]
  collapse include dir [/Library/Developer/CommandLineTools/SDKs/MacOSX11.0.sdk/usr/include] ==> [/Library/Developer/CommandLineTools/SDKs/MacOSX11.0.sdk/usr/include]
  collapse include dir [/Library/Developer/CommandLineTools/SDKs/MacOSX11.0.sdk/System/Library/Frameworks] ==> [/Library/Developer/CommandLineTools/SDKs/MacOSX11.0.sdk/System/Library/Frameworks]
  implicit include dirs: [/usr/local/Cellar/gcc/10.2.0_2/lib/gcc/10/gcc/x86_64-apple-darwin20/10.2.0/include;/usr/local/Cellar/gcc/10.2.0_2/lib/gcc/10/gcc/x86_64-apple-darwin20/10.2.0/include-fixed;/Library/Developer/CommandLineTools/SDKs/MacOSX11.0.sdk/usr/include;/Library/Developer/CommandLineTools/SDKs/MacOSX11.0.sdk/System/Library/Frameworks]


Parsed OBJC implicit link information from above output:
  link line regex: [^( *|.*[/\])(ld|CMAKE_LINK_STARTFILE-NOTFOUND|([^/\]+-)?ld|collect2)[^/\]*( |$)]
  ignore line: [Change Dir: /Users/valerij/Desktop/cpp-starter-project/build/CMakeFiles/CMakeTmp]
  ignore line: []
  ignore line: [Run Build Command(s):/usr/local/bin/ninja cmTC_c33d0 && [1/2  50% :: 0.075] Building OBJC object CMakeFiles/cmTC_c33d0.dir/CMakeOBJCCompilerABI.m.o]
  ignore line: [Using built-in specs.]
  ignore line: [COLLECT_GCC=/usr/local/bin/x86_64-apple-darwin20-gcc-10.2.0]
  ignore line: [Target: x86_64-apple-darwin20]
  ignore line: [Configured with: ../configure --build=x86_64-apple-darwin20 --prefix=/usr/local/Cellar/gcc/10.2.0_2 --libdir=/usr/local/Cellar/gcc/10.2.0_2/lib/gcc/10 --disable-nls --enable-checking=release --enable-languages=c c++ objc obj-c++ fortran --program-suffix=-10 --with-gmp=/usr/local/opt/gmp --with-mpfr=/usr/local/opt/mpfr --with-mpc=/usr/local/opt/libmpc --with-isl=/usr/local/opt/isl --with-system-zlib --with-pkgversion='Homebrew GCC 10.2.0_2' --with-bugurl=https://github.com/Homebrew/homebrew-core/issues --disable-multilib --with-native-system-header-dir=/usr/include --with-sysroot=/Library/Developer/CommandLineTools/SDKs/MacOSX.sdk SED=/usr/bin/sed]
  ignore line: [Thread model: posix]
  ignore line: [Supported LTO compression algorithms: zlib]
  ignore line: [gcc version 10.2.0 (Homebrew GCC 10.2.0_2) ]
  ignore line: [COLLECT_GCC_OPTIONS='-isysroot' '/Library/Developer/CommandLineTools/SDKs/MacOSX11.0.sdk' '-fPIE' '-v' '-o' 'CMakeFiles/cmTC_c33d0.dir/CMakeOBJCCompilerABI.m.o' '-c' '-mmacosx-version-min=11.0.0' '-asm_macosx_version_min=11.0' '-mtune=core2']
  ignore line: [ /usr/local/Cellar/gcc/10.2.0_2/libexec/gcc/x86_64-apple-darwin20/10.2.0/cc1obj -quiet -v -D__DYNAMIC__ -isysroot /Library/Developer/CommandLineTools/SDKs/MacOSX11.0.sdk /usr/local/Cellar/cmake/3.19.2/share/cmake/Modules/CMakeOBJCCompilerABI.m -fPIC -quiet -dumpbase CMakeOBJCCompilerABI.m -mmacosx-version-min=11.0.0 -mtune=core2 -auxbase-strip CMakeFiles/cmTC_c33d0.dir/CMakeOBJCCompilerABI.m.o -version -fPIE -o /var/folders/jv/hl2p2d0s15304yndzcxhxgfr0000gn/T//cccMkUN2.s]
  ignore line: [GNU Objective-C (Homebrew GCC 10.2.0_2) version 10.2.0 (x86_64-apple-darwin20)]
  ignore line: [	compiled by GNU C version 10.2.0  GMP version 6.2.1  MPFR version 4.1.0  MPC version 1.2.1  isl version isl-0.23-GMP]
  ignore line: []
  ignore line: [GGC heuristics: --param ggc-min-expand=100 --param ggc-min-heapsize=131072]
  ignore line: [ignoring nonexistent directory "/Library/Developer/CommandLineTools/SDKs/MacOSX11.0.sdk/usr/local/include"]
  ignore line: [ignoring nonexistent directory "/usr/local/Cellar/gcc/10.2.0_2/lib/gcc/10/gcc/x86_64-apple-darwin20/10.2.0/../../../../../../x86_64-apple-darwin20/include"]
  ignore line: [ignoring nonexistent directory "/Library/Developer/CommandLineTools/SDKs/MacOSX11.0.sdk/Library/Frameworks"]
  ignore line: [#include "..." search starts here:]
  ignore line: [#include <...> search starts here:]
  ignore line: [ /usr/local/Cellar/gcc/10.2.0_2/lib/gcc/10/gcc/x86_64-apple-darwin20/10.2.0/include]
  ignore line: [ /usr/local/Cellar/gcc/10.2.0_2/lib/gcc/10/gcc/x86_64-apple-darwin20/10.2.0/include-fixed]
  ignore line: [ /Library/Developer/CommandLineTools/SDKs/MacOSX11.0.sdk/usr/include]
  ignore line: [ /Library/Developer/CommandLineTools/SDKs/MacOSX11.0.sdk/System/Library/Frameworks]
  ignore line: [End of search list.]
  ignore line: [GNU Objective-C (Homebrew GCC 10.2.0_2) version 10.2.0 (x86_64-apple-darwin20)]
  ignore line: [	compiled by GNU C version 10.2.0  GMP version 6.2.1  MPFR version 4.1.0  MPC version 1.2.1  isl version isl-0.23-GMP]
  ignore line: []
  ignore line: [GGC heuristics: --param ggc-min-expand=100 --param ggc-min-heapsize=131072]
  ignore line: [Compiler executable checksum: 7ae48116ef900ac1c82703e81ddf8e55]
  ignore line: [COLLECT_GCC_OPTIONS='-isysroot' '/Library/Developer/CommandLineTools/SDKs/MacOSX11.0.sdk' '-fPIE' '-v' '-o' 'CMakeFiles/cmTC_c33d0.dir/CMakeOBJCCompilerABI.m.o' '-c' '-mmacosx-version-min=11.0.0'  '-mtune=core2']
  ignore line: [ as -arch x86_64 -v -force_cpusubtype_ALL -mmacosx-version-min=11.0 -o CMakeFiles/cmTC_c33d0.dir/CMakeOBJCCompilerABI.m.o /var/folders/jv/hl2p2d0s15304yndzcxhxgfr0000gn/T//cccMkUN2.s]
  ignore line: [Apple clang version 12.0.5 (clang-1205.0.22.9)]
  ignore line: [Target: x86_64-apple-darwin20.3.0]
  ignore line: [Thread model: posix]
  ignore line: [InstalledDir: /Applications/Xcode.app/Contents/Developer/Toolchains/XcodeDefault.xctoolchain/usr/bin]
  ignore line: [ "/Applications/Xcode.app/Contents/Developer/Toolchains/XcodeDefault.xctoolchain/usr/bin/clang" -cc1as -triple x86_64-apple-macosx11.0.0 -filetype obj -main-file-name cccMkUN2.s -target-cpu penryn -fdebug-compilation-dir /Users/valerij/Desktop/cpp-starter-project/build/CMakeFiles/CMakeTmp -dwarf-debug-producer "Apple clang version 12.0.5 (clang-1205.0.22.9)" -dwarf-version=4 -mrelocation-model pic -mllvm -disable-aligned-alloc-awareness=1 -o CMakeFiles/cmTC_c33d0.dir/CMakeOBJCCompilerABI.m.o /var/folders/jv/hl2p2d0s15304yndzcxhxgfr0000gn/T//cccMkUN2.s]
  ignore line: [COMPILER_PATH=/usr/local/Cellar/gcc/10.2.0_2/libexec/gcc/x86_64-apple-darwin20/10.2.0/:/usr/local/Cellar/gcc/10.2.0_2/libexec/gcc/x86_64-apple-darwin20/10.2.0/:/usr/local/Cellar/gcc/10.2.0_2/libexec/gcc/x86_64-apple-darwin20/:/usr/local/Cellar/gcc/10.2.0_2/lib/gcc/10/gcc/x86_64-apple-darwin20/10.2.0/:/usr/local/Cellar/gcc/10.2.0_2/lib/gcc/10/gcc/x86_64-apple-darwin20/]
  ignore line: [LIBRARY_PATH=/usr/local/Cellar/gcc/10.2.0_2/lib/gcc/10/gcc/x86_64-apple-darwin20/10.2.0/:/usr/local/Cellar/gcc/10.2.0_2/lib/gcc/10/gcc/x86_64-apple-darwin20/10.2.0/../../../]
  ignore line: [COLLECT_GCC_OPTIONS='-isysroot' '/Library/Developer/CommandLineTools/SDKs/MacOSX11.0.sdk' '-fPIE' '-v' '-o' 'CMakeFiles/cmTC_c33d0.dir/CMakeOBJCCompilerABI.m.o' '-c' '-mmacosx-version-min=11.0.0'  '-mtune=core2']
  ignore line: [[2/2 100% :: 0.138] Linking OBJC executable cmTC_c33d0]
  ignore line: [Using built-in specs.]
  ignore line: [COLLECT_GCC=/usr/local/bin/x86_64-apple-darwin20-gcc-10.2.0]
  ignore line: [COLLECT_LTO_WRAPPER=/usr/local/Cellar/gcc/10.2.0_2/libexec/gcc/x86_64-apple-darwin20/10.2.0/lto-wrapper]
  ignore line: [Target: x86_64-apple-darwin20]
  ignore line: [Configured with: ../configure --build=x86_64-apple-darwin20 --prefix=/usr/local/Cellar/gcc/10.2.0_2 --libdir=/usr/local/Cellar/gcc/10.2.0_2/lib/gcc/10 --disable-nls --enable-checking=release --enable-languages=c c++ objc obj-c++ fortran --program-suffix=-10 --with-gmp=/usr/local/opt/gmp --with-mpfr=/usr/local/opt/mpfr --with-mpc=/usr/local/opt/libmpc --with-isl=/usr/local/opt/isl --with-system-zlib --with-pkgversion='Homebrew GCC 10.2.0_2' --with-bugurl=https://github.com/Homebrew/homebrew-core/issues --disable-multilib --with-native-system-header-dir=/usr/include --with-sysroot=/Library/Developer/CommandLineTools/SDKs/MacOSX.sdk SED=/usr/bin/sed]
  ignore line: [Thread model: posix]
  ignore line: [Supported LTO compression algorithms: zlib]
  ignore line: [gcc version 10.2.0 (Homebrew GCC 10.2.0_2) ]
  ignore line: [COMPILER_PATH=/usr/local/Cellar/gcc/10.2.0_2/libexec/gcc/x86_64-apple-darwin20/10.2.0/:/usr/local/Cellar/gcc/10.2.0_2/libexec/gcc/x86_64-apple-darwin20/10.2.0/:/usr/local/Cellar/gcc/10.2.0_2/libexec/gcc/x86_64-apple-darwin20/:/usr/local/Cellar/gcc/10.2.0_2/lib/gcc/10/gcc/x86_64-apple-darwin20/10.2.0/:/usr/local/Cellar/gcc/10.2.0_2/lib/gcc/10/gcc/x86_64-apple-darwin20/]
  ignore line: [LIBRARY_PATH=/usr/local/Cellar/gcc/10.2.0_2/lib/gcc/10/gcc/x86_64-apple-darwin20/10.2.0/:/usr/local/Cellar/gcc/10.2.0_2/lib/gcc/10/gcc/x86_64-apple-darwin20/10.2.0/../../../]
  ignore line: [COLLECT_GCC_OPTIONS='-isysroot' '/Library/Developer/CommandLineTools/SDKs/MacOSX11.0.sdk' '-v' '-o' 'cmTC_c33d0' '-mmacosx-version-min=11.0.0' '-asm_macosx_version_min=11.0' '-mtune=core2']
  link line: [ /usr/local/Cellar/gcc/10.2.0_2/libexec/gcc/x86_64-apple-darwin20/10.2.0/collect2 -dynamic -arch x86_64 -macosx_version_min 11.0.0 -syslibroot /Library/Developer/CommandLineTools/SDKs/MacOSX11.0.sdk -weak_reference_mismatches non-weak -o cmTC_c33d0 -L/usr/local/Cellar/gcc/10.2.0_2/lib/gcc/10/gcc/x86_64-apple-darwin20/10.2.0 -L/usr/local/Cellar/gcc/10.2.0_2/lib/gcc/10/gcc/x86_64-apple-darwin20/10.2.0/../../.. -search_paths_first -headerpad_max_install_names -v CMakeFiles/cmTC_c33d0.dir/CMakeOBJCCompilerABI.m.o -lSystem -lgcc_ext.10.5 -lgcc -lSystem -no_compact_unwind -v]
    arg [/usr/local/Cellar/gcc/10.2.0_2/libexec/gcc/x86_64-apple-darwin20/10.2.0/collect2] ==> ignore
    arg [-dynamic] ==> ignore
    arg [-arch] ==> ignore
    arg [x86_64] ==> ignore
    arg [-macosx_version_min] ==> ignore
    arg [11.0.0] ==> ignore
    arg [-syslibroot] ==> ignore
    arg [/Library/Developer/CommandLineTools/SDKs/MacOSX11.0.sdk] ==> ignore
    arg [-weak_reference_mismatches] ==> ignore
    arg [non-weak] ==> ignore
    arg [-o] ==> ignore
    arg [cmTC_c33d0] ==> ignore
    arg [-L/usr/local/Cellar/gcc/10.2.0_2/lib/gcc/10/gcc/x86_64-apple-darwin20/10.2.0] ==> dir [/usr/local/Cellar/gcc/10.2.0_2/lib/gcc/10/gcc/x86_64-apple-darwin20/10.2.0]
    arg [-L/usr/local/Cellar/gcc/10.2.0_2/lib/gcc/10/gcc/x86_64-apple-darwin20/10.2.0/../../..] ==> dir [/usr/local/Cellar/gcc/10.2.0_2/lib/gcc/10/gcc/x86_64-apple-darwin20/10.2.0/../../..]
    arg [-search_paths_first] ==> ignore
    arg [-headerpad_max_install_names] ==> ignore
    arg [-v] ==> ignore
    arg [CMakeFiles/cmTC_c33d0.dir/CMakeOBJCCompilerABI.m.o] ==> ignore
    arg [-lSystem] ==> lib [System]
    arg [-lgcc_ext.10.5] ==> lib [gcc_ext.10.5]
    arg [-lgcc] ==> lib [gcc]
    arg [-lSystem] ==> lib [System]
    arg [-no_compact_unwind] ==> ignore
    arg [-v] ==> ignore
  Library search paths: [;/usr/local/Cellar/gcc/10.2.0_2/lib/gcc/10/gcc/x86_64-apple-darwin20/10.2.0;/usr/local/Cellar/gcc/10.2.0_2/lib/gcc/10;/Library/Developer/CommandLineTools/SDKs/MacOSX11.0.sdk/usr/lib]
  Framework search paths: [;/Library/Developer/CommandLineTools/SDKs/MacOSX11.0.sdk/System/Library/Frameworks/]
  remove lib [System]
  remove lib [System]
  collapse library dir [/usr/local/Cellar/gcc/10.2.0_2/lib/gcc/10/gcc/x86_64-apple-darwin20/10.2.0] ==> [/usr/local/Cellar/gcc/10.2.0_2/lib/gcc/10/gcc/x86_64-apple-darwin20/10.2.0]
  collapse library dir [/usr/local/Cellar/gcc/10.2.0_2/lib/gcc/10/gcc/x86_64-apple-darwin20/10.2.0/../../..] ==> [/usr/local/Cellar/gcc/10.2.0_2/lib/gcc/10]
  collapse library dir [/usr/local/Cellar/gcc/10.2.0_2/lib/gcc/10/gcc/x86_64-apple-darwin20/10.2.0] ==> [/usr/local/Cellar/gcc/10.2.0_2/lib/gcc/10/gcc/x86_64-apple-darwin20/10.2.0]
  collapse library dir [/usr/local/Cellar/gcc/10.2.0_2/lib/gcc/10] ==> [/usr/local/Cellar/gcc/10.2.0_2/lib/gcc/10]
  collapse library dir [/Library/Developer/CommandLineTools/SDKs/MacOSX11.0.sdk/usr/lib] ==> [/Library/Developer/CommandLineTools/SDKs/MacOSX11.0.sdk/usr/lib]
  collapse framework dir [/Library/Developer/CommandLineTools/SDKs/MacOSX11.0.sdk/System/Library/Frameworks/] ==> [/Library/Developer/CommandLineTools/SDKs/MacOSX11.0.sdk/System/Library/Frameworks]
  implicit libs: [gcc_ext.10.5;gcc]
  implicit dirs: [/usr/local/Cellar/gcc/10.2.0_2/lib/gcc/10/gcc/x86_64-apple-darwin20/10.2.0;/usr/local/Cellar/gcc/10.2.0_2/lib/gcc/10;/Library/Developer/CommandLineTools/SDKs/MacOSX11.0.sdk/usr/lib]
  implicit fwks: [/Library/Developer/CommandLineTools/SDKs/MacOSX11.0.sdk/System/Library/Frameworks]


Looking for a OBJCXX compiler passed with the following output:
-- The OBJCXX compiler identification is AppleClang 12.0.5.12050022
-- Detecting OBJCXX compiler ABI info
-- Detecting OBJCXX compiler ABI info - done
-- Check for working OBJCXX compiler: /Applications/Xcode.app/Contents/Developer/Toolchains/XcodeDefault.xctoolchain/usr/bin/clang++ - skipped
-- Configuring done
-- Generating done
-- Build files have been written to: /Users/valerij/Desktop/cpp-starter-project/build/external/qt5/qtbase/CMakeFiles/CheckOBJCXX

Compiling the OBJCXX compiler identification source file "CMakeOBJCXXCompilerId.mm" succeeded.
Compiler: /Applications/Xcode.app/Contents/Developer/Toolchains/XcodeDefault.xctoolchain/usr/bin/clang++ 
Build flags: 
Id flags: -c 

The output was:
0


Compilation of the OBJCXX compiler identification source "CMakeOBJCXXCompilerId.mm" produced "CMakeOBJCXXCompilerId.o"

The OBJCXX compiler identification is AppleClang, found in "/Users/valerij/Desktop/cpp-starter-project/build/CMakeFiles/3.19.2/CompilerIdOBJCXX/CMakeOBJCXXCompilerId.o"

Detecting OBJCXX compiler ABI info compiled with the following output:
Change Dir: /Users/valerij/Desktop/cpp-starter-project/build/CMakeFiles/CMakeTmp

Run Build Command(s):/usr/local/bin/ninja cmTC_bed4a && [1/2  50% :: 0.047] Building OBJCXX object CMakeFiles/cmTC_bed4a.dir/CMakeOBJCXXCompilerABI.mm.o
Apple clang version 12.0.5 (clang-1205.0.22.9)
Target: x86_64-apple-darwin20.3.0
Thread model: posix
InstalledDir: /Applications/Xcode.app/Contents/Developer/Toolchains/XcodeDefault.xctoolchain/usr/bin
clang: warning: -Wl,-v: 'linker' input unused [-Wunused-command-line-argument]
ignoring nonexistent directory "/Library/Developer/CommandLineTools/SDKs/MacOSX11.0.sdk/usr/include/c++/v1"
 "/Applications/Xcode.app/Contents/Developer/Toolchains/XcodeDefault.xctoolchain/usr/bin/clang" -cc1 -triple x86_64-apple-macosx11.0.0 -Wdeprecated-objc-isa-usage -Werror=deprecated-objc-isa-usage -Werror=implicit-function-declaration -emit-obj -mrelax-all -disable-free -disable-llvm-verifier -discard-value-names -main-file-name CMakeOBJCXXCompilerABI.mm -mrelocation-model pic -pic-level 2 -mframe-pointer=all -fno-strict-return -fno-rounding-math -munwind-tables -target-sdk-version=11.0 -fvisibility-inlines-hidden-static-local-var -target-cpu penryn -debugger-tuning=lldb -target-linker-version 650.9 -v -resource-dir /Applications/Xcode.app/Contents/Developer/Toolchains/XcodeDefault.xctoolchain/usr/lib/clang/12.0.5 -dependency-file CMakeFiles/cmTC_bed4a.dir/CMakeOBJCXXCompilerABI.mm.o.d -skip-unused-modulemap-deps -MT CMakeFiles/cmTC_bed4a.dir/CMakeOBJCXXCompilerABI.mm.o -sys-header-deps -isysroot /Library/Developer/CommandLineTools/SDKs/MacOSX11.0.sdk -stdlib=libc++ -internal-isystem /Applications/Xcode.app/Contents/Developer/Toolchains/XcodeDefault.xctoolchain/usr/bin/../include/c++/v1 -internal-isystem /Library/Developer/CommandLineTools/SDKs/MacOSX11.0.sdk/usr/local/include -internal-isystem /Applications/Xcode.app/Contents/Developer/Toolchains/XcodeDefault.xctoolchain/usr/lib/clang/12.0.5/include -internal-externc-isystem /Library/Developer/CommandLineTools/SDKs/MacOSX11.0.sdk/usr/include -internal-externc-isystem /Applications/Xcode.app/Contents/Developer/Toolchains/XcodeDefault.xctoolchain/usr/include -Wno-reorder-init-list -Wno-implicit-int-float-conversion -Wno-c99-designator -Wno-final-dtor-non-final-class -Wno-extra-semi-stmt -Wno-misleading-indentation -Wno-quoted-include-in-framework-header -Wno-implicit-fallthrough -Wno-enum-enum-conversion -Wno-enum-float-conversion -Wno-elaborated-enum-base -fdeprecated-macro -fdebug-compilation-dir /Users/valerij/Desktop/cpp-starter-project/build/CMakeFiles/CMakeTmp -ferror-limit 19 -stack-protector 1 -fstack-check -mdarwin-stkchk-strong-link -fblocks -fencode-extended-block-signature -fregister-global-dtors-with-atexit -fgnuc-version=4.2.1 -fobjc-runtime=macosx-11.0.0 -fobjc-exceptions -fcxx-exceptions -fexceptions -fmax-type-align=16 -fcommon -clang-vendor-feature=+disableNonDependentMemberExprInCurrentInstantiation -fno-odr-hash-protocols -mllvm -disable-aligned-alloc-awareness=1 -o CMakeFiles/cmTC_bed4a.dir/CMakeOBJCXXCompilerABI.mm.o -x objective-c++ /usr/local/Cellar/cmake/3.19.2/share/cmake/Modules/CMakeOBJCXXCompilerABI.mm
clang -cc1 version 12.0.5 (clang-1205.0.22.9) default target x86_64-apple-darwin20.3.0
ignoring nonexistent directory "/Library/Developer/CommandLineTools/SDKs/MacOSX11.0.sdk/usr/local/include"
ignoring nonexistent directory "/Library/Developer/CommandLineTools/SDKs/MacOSX11.0.sdk/Library/Frameworks"
#include "..." search starts here:
#include <...> search starts here:
 /Applications/Xcode.app/Contents/Developer/Toolchains/XcodeDefault.xctoolchain/usr/bin/../include/c++/v1
 /Applications/Xcode.app/Contents/Developer/Toolchains/XcodeDefault.xctoolchain/usr/lib/clang/12.0.5/include
 /Library/Developer/CommandLineTools/SDKs/MacOSX11.0.sdk/usr/include
 /Applications/Xcode.app/Contents/Developer/Toolchains/XcodeDefault.xctoolchain/usr/include
 /Library/Developer/CommandLineTools/SDKs/MacOSX11.0.sdk/System/Library/Frameworks (framework directory)
End of search list.
[2/2 100% :: 0.115] Linking OBJCXX executable cmTC_bed4a
Apple clang version 12.0.5 (clang-1205.0.22.9)
Target: x86_64-apple-darwin20.3.0
Thread model: posix
InstalledDir: /Applications/Xcode.app/Contents/Developer/Toolchains/XcodeDefault.xctoolchain/usr/bin
 "/Applications/Xcode.app/Contents/Developer/Toolchains/XcodeDefault.xctoolchain/usr/bin/ld" -demangle -lto_library /Applications/Xcode.app/Contents/Developer/Toolchains/XcodeDefault.xctoolchain/usr/lib/libLTO.dylib -dynamic -arch x86_64 -platform_version macos 11.0.0 11.0 -syslibroot /Library/Developer/CommandLineTools/SDKs/MacOSX11.0.sdk -o cmTC_bed4a -search_paths_first -headerpad_max_install_names -v CMakeFiles/cmTC_bed4a.dir/CMakeOBJCXXCompilerABI.mm.o -lc++ -lSystem /Applications/Xcode.app/Contents/Developer/Toolchains/XcodeDefault.xctoolchain/usr/lib/clang/12.0.5/lib/darwin/libclang_rt.osx.a
@(#)PROGRAM:ld  PROJECT:ld64-650.9
BUILD 00:19:30 Mar 17 2021
configured to support archs: armv6 armv7 armv7s arm64 arm64e arm64_32 i386 x86_64 x86_64h armv6m armv7k armv7m armv7em
Library search paths:
	/Library/Developer/CommandLineTools/SDKs/MacOSX11.0.sdk/usr/lib
Framework search paths:
	/Library/Developer/CommandLineTools/SDKs/MacOSX11.0.sdk/System/Library/Frameworks/



Parsed OBJCXX implicit include dir info from above output: rv=done
  found start of include info
  found start of implicit include info
    add: [/Applications/Xcode.app/Contents/Developer/Toolchains/XcodeDefault.xctoolchain/usr/bin/../include/c++/v1]
    add: [/Applications/Xcode.app/Contents/Developer/Toolchains/XcodeDefault.xctoolchain/usr/lib/clang/12.0.5/include]
    add: [/Library/Developer/CommandLineTools/SDKs/MacOSX11.0.sdk/usr/include]
    add: [/Applications/Xcode.app/Contents/Developer/Toolchains/XcodeDefault.xctoolchain/usr/include]
  end of search list found
  collapse include dir [/Applications/Xcode.app/Contents/Developer/Toolchains/XcodeDefault.xctoolchain/usr/bin/../include/c++/v1] ==> [/Applications/Xcode.app/Contents/Developer/Toolchains/XcodeDefault.xctoolchain/usr/include/c++/v1]
  collapse include dir [/Applications/Xcode.app/Contents/Developer/Toolchains/XcodeDefault.xctoolchain/usr/lib/clang/12.0.5/include] ==> [/Applications/Xcode.app/Contents/Developer/Toolchains/XcodeDefault.xctoolchain/usr/lib/clang/12.0.5/include]
  collapse include dir [/Library/Developer/CommandLineTools/SDKs/MacOSX11.0.sdk/usr/include] ==> [/Library/Developer/CommandLineTools/SDKs/MacOSX11.0.sdk/usr/include]
  collapse include dir [/Applications/Xcode.app/Contents/Developer/Toolchains/XcodeDefault.xctoolchain/usr/include] ==> [/Applications/Xcode.app/Contents/Developer/Toolchains/XcodeDefault.xctoolchain/usr/include]
  implicit include dirs: [/Applications/Xcode.app/Contents/Developer/Toolchains/XcodeDefault.xctoolchain/usr/include/c++/v1;/Applications/Xcode.app/Contents/Developer/Toolchains/XcodeDefault.xctoolchain/usr/lib/clang/12.0.5/include;/Library/Developer/CommandLineTools/SDKs/MacOSX11.0.sdk/usr/include;/Applications/Xcode.app/Contents/Developer/Toolchains/XcodeDefault.xctoolchain/usr/include]


Parsed OBJCXX implicit link information from above output:
  link line regex: [^( *|.*[/\])(ld|CMAKE_LINK_STARTFILE-NOTFOUND|([^/\]+-)?ld|collect2)[^/\]*( |$)]
  ignore line: [Change Dir: /Users/valerij/Desktop/cpp-starter-project/build/CMakeFiles/CMakeTmp]
  ignore line: []
  ignore line: [Run Build Command(s):/usr/local/bin/ninja cmTC_bed4a && [1/2  50% :: 0.047] Building OBJCXX object CMakeFiles/cmTC_bed4a.dir/CMakeOBJCXXCompilerABI.mm.o]
  ignore line: [Apple clang version 12.0.5 (clang-1205.0.22.9)]
  ignore line: [Target: x86_64-apple-darwin20.3.0]
  ignore line: [Thread model: posix]
  ignore line: [InstalledDir: /Applications/Xcode.app/Contents/Developer/Toolchains/XcodeDefault.xctoolchain/usr/bin]
  ignore line: [clang: warning: -Wl -v: 'linker' input unused [-Wunused-command-line-argument]]
  ignore line: [ignoring nonexistent directory "/Library/Developer/CommandLineTools/SDKs/MacOSX11.0.sdk/usr/include/c++/v1"]
  ignore line: [ "/Applications/Xcode.app/Contents/Developer/Toolchains/XcodeDefault.xctoolchain/usr/bin/clang" -cc1 -triple x86_64-apple-macosx11.0.0 -Wdeprecated-objc-isa-usage -Werror=deprecated-objc-isa-usage -Werror=implicit-function-declaration -emit-obj -mrelax-all -disable-free -disable-llvm-verifier -discard-value-names -main-file-name CMakeOBJCXXCompilerABI.mm -mrelocation-model pic -pic-level 2 -mframe-pointer=all -fno-strict-return -fno-rounding-math -munwind-tables -target-sdk-version=11.0 -fvisibility-inlines-hidden-static-local-var -target-cpu penryn -debugger-tuning=lldb -target-linker-version 650.9 -v -resource-dir /Applications/Xcode.app/Contents/Developer/Toolchains/XcodeDefault.xctoolchain/usr/lib/clang/12.0.5 -dependency-file CMakeFiles/cmTC_bed4a.dir/CMakeOBJCXXCompilerABI.mm.o.d -skip-unused-modulemap-deps -MT CMakeFiles/cmTC_bed4a.dir/CMakeOBJCXXCompilerABI.mm.o -sys-header-deps -isysroot /Library/Developer/CommandLineTools/SDKs/MacOSX11.0.sdk -stdlib=libc++ -internal-isystem /Applications/Xcode.app/Contents/Developer/Toolchains/XcodeDefault.xctoolchain/usr/bin/../include/c++/v1 -internal-isystem /Library/Developer/CommandLineTools/SDKs/MacOSX11.0.sdk/usr/local/include -internal-isystem /Applications/Xcode.app/Contents/Developer/Toolchains/XcodeDefault.xctoolchain/usr/lib/clang/12.0.5/include -internal-externc-isystem /Library/Developer/CommandLineTools/SDKs/MacOSX11.0.sdk/usr/include -internal-externc-isystem /Applications/Xcode.app/Contents/Developer/Toolchains/XcodeDefault.xctoolchain/usr/include -Wno-reorder-init-list -Wno-implicit-int-float-conversion -Wno-c99-designator -Wno-final-dtor-non-final-class -Wno-extra-semi-stmt -Wno-misleading-indentation -Wno-quoted-include-in-framework-header -Wno-implicit-fallthrough -Wno-enum-enum-conversion -Wno-enum-float-conversion -Wno-elaborated-enum-base -fdeprecated-macro -fdebug-compilation-dir /Users/valerij/Desktop/cpp-starter-project/build/CMakeFiles/CMakeTmp -ferror-limit 19 -stack-protector 1 -fstack-check -mdarwin-stkchk-strong-link -fblocks -fencode-extended-block-signature -fregister-global-dtors-with-atexit -fgnuc-version=4.2.1 -fobjc-runtime=macosx-11.0.0 -fobjc-exceptions -fcxx-exceptions -fexceptions -fmax-type-align=16 -fcommon -clang-vendor-feature=+disableNonDependentMemberExprInCurrentInstantiation -fno-odr-hash-protocols -mllvm -disable-aligned-alloc-awareness=1 -o CMakeFiles/cmTC_bed4a.dir/CMakeOBJCXXCompilerABI.mm.o -x objective-c++ /usr/local/Cellar/cmake/3.19.2/share/cmake/Modules/CMakeOBJCXXCompilerABI.mm]
  ignore line: [clang -cc1 version 12.0.5 (clang-1205.0.22.9) default target x86_64-apple-darwin20.3.0]
  ignore line: [ignoring nonexistent directory "/Library/Developer/CommandLineTools/SDKs/MacOSX11.0.sdk/usr/local/include"]
  ignore line: [ignoring nonexistent directory "/Library/Developer/CommandLineTools/SDKs/MacOSX11.0.sdk/Library/Frameworks"]
  ignore line: [#include "..." search starts here:]
  ignore line: [#include <...> search starts here:]
  ignore line: [ /Applications/Xcode.app/Contents/Developer/Toolchains/XcodeDefault.xctoolchain/usr/bin/../include/c++/v1]
  ignore line: [ /Applications/Xcode.app/Contents/Developer/Toolchains/XcodeDefault.xctoolchain/usr/lib/clang/12.0.5/include]
  ignore line: [ /Library/Developer/CommandLineTools/SDKs/MacOSX11.0.sdk/usr/include]
  ignore line: [ /Applications/Xcode.app/Contents/Developer/Toolchains/XcodeDefault.xctoolchain/usr/include]
  ignore line: [ /Library/Developer/CommandLineTools/SDKs/MacOSX11.0.sdk/System/Library/Frameworks (framework directory)]
  ignore line: [End of search list.]
  ignore line: [[2/2 100% :: 0.115] Linking OBJCXX executable cmTC_bed4a]
  ignore line: [Apple clang version 12.0.5 (clang-1205.0.22.9)]
  ignore line: [Target: x86_64-apple-darwin20.3.0]
  ignore line: [Thread model: posix]
  ignore line: [InstalledDir: /Applications/Xcode.app/Contents/Developer/Toolchains/XcodeDefault.xctoolchain/usr/bin]
  link line: [ "/Applications/Xcode.app/Contents/Developer/Toolchains/XcodeDefault.xctoolchain/usr/bin/ld" -demangle -lto_library /Applications/Xcode.app/Contents/Developer/Toolchains/XcodeDefault.xctoolchain/usr/lib/libLTO.dylib -dynamic -arch x86_64 -platform_version macos 11.0.0 11.0 -syslibroot /Library/Developer/CommandLineTools/SDKs/MacOSX11.0.sdk -o cmTC_bed4a -search_paths_first -headerpad_max_install_names -v CMakeFiles/cmTC_bed4a.dir/CMakeOBJCXXCompilerABI.mm.o -lc++ -lSystem /Applications/Xcode.app/Contents/Developer/Toolchains/XcodeDefault.xctoolchain/usr/lib/clang/12.0.5/lib/darwin/libclang_rt.osx.a]
    arg [/Applications/Xcode.app/Contents/Developer/Toolchains/XcodeDefault.xctoolchain/usr/bin/ld] ==> ignore
    arg [-demangle] ==> ignore
    arg [-lto_library] ==> ignore, skip following value
    arg [/Applications/Xcode.app/Contents/Developer/Toolchains/XcodeDefault.xctoolchain/usr/lib/libLTO.dylib] ==> skip value of -lto_library
    arg [-dynamic] ==> ignore
    arg [-arch] ==> ignore
    arg [x86_64] ==> ignore
    arg [-platform_version] ==> ignore
    arg [macos] ==> ignore
    arg [11.0.0] ==> ignore
    arg [11.0] ==> ignore
    arg [-syslibroot] ==> ignore
    arg [/Library/Developer/CommandLineTools/SDKs/MacOSX11.0.sdk] ==> ignore
    arg [-o] ==> ignore
    arg [cmTC_bed4a] ==> ignore
    arg [-search_paths_first] ==> ignore
    arg [-headerpad_max_install_names] ==> ignore
    arg [-v] ==> ignore
    arg [CMakeFiles/cmTC_bed4a.dir/CMakeOBJCXXCompilerABI.mm.o] ==> ignore
    arg [-lc++] ==> lib [c++]
    arg [-lSystem] ==> lib [System]
    arg [/Applications/Xcode.app/Contents/Developer/Toolchains/XcodeDefault.xctoolchain/usr/lib/clang/12.0.5/lib/darwin/libclang_rt.osx.a] ==> lib [/Applications/Xcode.app/Contents/Developer/Toolchains/XcodeDefault.xctoolchain/usr/lib/clang/12.0.5/lib/darwin/libclang_rt.osx.a]
  Library search paths: [;/Library/Developer/CommandLineTools/SDKs/MacOSX11.0.sdk/usr/lib]
  Framework search paths: [;/Library/Developer/CommandLineTools/SDKs/MacOSX11.0.sdk/System/Library/Frameworks/]
  remove lib [System]
  remove lib [/Applications/Xcode.app/Contents/Developer/Toolchains/XcodeDefault.xctoolchain/usr/lib/clang/12.0.5/lib/darwin/libclang_rt.osx.a]
  collapse library dir [/Library/Developer/CommandLineTools/SDKs/MacOSX11.0.sdk/usr/lib] ==> [/Library/Developer/CommandLineTools/SDKs/MacOSX11.0.sdk/usr/lib]
  collapse framework dir [/Library/Developer/CommandLineTools/SDKs/MacOSX11.0.sdk/System/Library/Frameworks/] ==> [/Library/Developer/CommandLineTools/SDKs/MacOSX11.0.sdk/System/Library/Frameworks]
  implicit libs: [c++]
  implicit dirs: [/Library/Developer/CommandLineTools/SDKs/MacOSX11.0.sdk/usr/lib]
  implicit fwks: [/Library/Developer/CommandLineTools/SDKs/MacOSX11.0.sdk/System/Library/Frameworks]


Performing C++ SOURCE FILE Test HAVE_cxx14 succeeded with the following output:
Change Dir: /Users/valerij/Desktop/cpp-starter-project/build/CMakeFiles/CMakeTmp

Run Build Command(s):/usr/local/bin/ninja cmTC_eae4a && [1/2  50% :: 0.030] Building CXX object CMakeFiles/cmTC_eae4a.dir/src.cxx.o
[2/2 100% :: 0.094] Linking CXX executable cmTC_eae4a


Source file was:
 #if __cplusplus > 201103L
// Compiler claims to support C++14, trust it
#else
#  error __cplusplus must be > 201103L (the value of C++11)
#endif

int main(void)
{
    /* BEGIN TEST: */
    /* END TEST: */
    return 0;
}

Performing C++ SOURCE FILE Test HAVE_cxx17 succeeded with the following output:
Change Dir: /Users/valerij/Desktop/cpp-starter-project/build/CMakeFiles/CMakeTmp

Run Build Command(s):/usr/local/bin/ninja cmTC_a084e && [1/2  50% :: 0.906] Building CXX object CMakeFiles/cmTC_a084e.dir/src.cxx.o
[2/2 100% :: 0.968] Linking CXX executable cmTC_a084e


Source file was:
 #if __cplusplus > 201402L
// Compiler claims to support C++17, trust it
#else
#  error __cplusplus must be > 201402L (the value for C++14)
#endif
#include <map>  // https://bugs.llvm.org//show_bug.cgi?id=33117
#include <variant>

int main(void)
{
    /* BEGIN TEST: */
std::variant<int> v(42);
int i = std::get<int>(v);
std::visit([](const auto &) { return 1; }, v);
    /* END TEST: */
    return 0;
}

Performing C++ SOURCE FILE Test HAVE_cxx20 succeeded with the following output:
Change Dir: /Users/valerij/Desktop/cpp-starter-project/build/CMakeFiles/CMakeTmp

Run Build Command(s):/usr/local/bin/ninja cmTC_28657 && [1/2  50% :: 0.060] Building CXX object CMakeFiles/cmTC_28657.dir/src.cxx.o
[2/2 100% :: 0.115] Linking CXX executable cmTC_28657


Source file was:
 #if __cplusplus > 201703L
// Compiler claims to support C++20, trust it
#else
#  error __cplusplus must be > 201703L (the value for C++17)
#endif

int main(void)
{
    /* BEGIN TEST: */
    /* END TEST: */
    return 0;
}

Performing C++ SOURCE FILE Test TEST_use_bfd_linker succeeded with the following output:
Change Dir: /Users/valerij/Desktop/cpp-starter-project/build/CMakeFiles/CMakeTmp

Run Build Command(s):/usr/local/bin/ninja cmTC_fb2bb && [1/2  50% :: 0.031] Building CXX object CMakeFiles/cmTC_fb2bb.dir/src.cxx.o
clang: warning: argument unused during compilation: '-fuse-ld=bfd' [-Wunused-command-line-argument]
[2/2 100% :: 0.095] Linking CXX executable cmTC_fb2bb


Source file was:
int main() { return 0; }
Performing C++ SOURCE FILE Test TEST_use_gold_linker succeeded with the following output:
Change Dir: /Users/valerij/Desktop/cpp-starter-project/build/CMakeFiles/CMakeTmp

Run Build Command(s):/usr/local/bin/ninja cmTC_af4e9 && [1/2  50% :: 0.029] Building CXX object CMakeFiles/cmTC_af4e9.dir/src.cxx.o
clang: warning: argument unused during compilation: '-fuse-ld=gold' [-Wunused-command-line-argument]
[2/2 100% :: 0.099] Linking CXX executable cmTC_af4e9


Source file was:
int main() { return 0; }
Performing C++ SOURCE FILE Test TEST_use_lld_linker succeeded with the following output:
Change Dir: /Users/valerij/Desktop/cpp-starter-project/build/CMakeFiles/CMakeTmp

Run Build Command(s):/usr/local/bin/ninja cmTC_a3944 && [1/2  50% :: 0.033] Building CXX object CMakeFiles/cmTC_a3944.dir/src.cxx.o
clang: warning: argument unused during compilation: '-fuse-ld=lld' [-Wunused-command-line-argument]
[2/2 100% :: 0.092] Linking CXX executable cmTC_a3944


Source file was:
int main() { return 0; }
Performing C++ SOURCE FILE Test TEST_optimize_debug succeeded with the following output:
Change Dir: /Users/valerij/Desktop/cpp-starter-project/build/CMakeFiles/CMakeTmp

Run Build Command(s):/usr/local/bin/ninja cmTC_d475c && [1/2  50% :: 0.249] Building CXX object CMakeFiles/cmTC_d475c.dir/src.cxx.o
[2/2 100% :: 0.318] Linking CXX executable cmTC_d475c


Source file was:
int main() { return 0; }
Performing C++ SOURCE FILE Test HAVE_reduce_relocations succeeded with the following output:
Change Dir: /Users/valerij/Desktop/cpp-starter-project/build/CMakeFiles/CMakeTmp

Run Build Command(s):/usr/local/bin/ninja cmTC_a8a16 && [1/2  50% :: 0.034] Building CXX object CMakeFiles/cmTC_a8a16.dir/src.cxx.o
[2/2 100% :: 0.089] Linking CXX executable cmTC_a8a16


Source file was:
 #if !(defined(__i386) || defined(__i386__) || defined(__x86_64) || defined(__x86_64__) || defined(__amd64)) || defined(__sun)
#  error Symbolic function binding on this architecture may be broken, disabling it (see QTBUG-36129).
#endif

int main(void)
{
    /* BEGIN TEST: */
    /* END TEST: */
    return 0;
}

Performing C++ SOURCE FILE Test HAVE_signaling_nan succeeded with the following output:
Change Dir: /Users/valerij/Desktop/cpp-starter-project/build/CMakeFiles/CMakeTmp

Run Build Command(s):/usr/local/bin/ninja cmTC_2a43f && [1/2  50% :: 0.063] Building CXX object CMakeFiles/cmTC_2a43f.dir/src.cxx.o
[2/2 100% :: 0.131] Linking CXX executable cmTC_2a43f


Source file was:
 #include <limits>

int main(void)
{
    /* BEGIN TEST: */
using B = std::numeric_limits<double>;
static_assert(B::has_signaling_NaN, "System lacks signaling NaN");
    /* END TEST: */
    return 0;
}

Performing C++ SOURCE FILE Test HAVE_alloca_stdlib_h succeeded with the following output:
Change Dir: /Users/valerij/Desktop/cpp-starter-project/build/CMakeFiles/CMakeTmp

Run Build Command(s):/usr/local/bin/ninja cmTC_e30dd && [1/2  50% :: 0.114] Building CXX object CMakeFiles/cmTC_e30dd.dir/src.cxx.o
[2/2 100% :: 0.166] Linking CXX executable cmTC_e30dd


Source file was:
 #include <stdlib.h>

int main(void)
{
    /* BEGIN TEST: */
alloca(1);
    /* END TEST: */
    return 0;
}

Performing C++ SOURCE FILE Test HAVE_alloca_h succeeded with the following output:
Change Dir: /Users/valerij/Desktop/cpp-starter-project/build/CMakeFiles/CMakeTmp

Run Build Command(s):/usr/local/bin/ninja cmTC_88757 && [1/2  50% :: 0.029] Building CXX object CMakeFiles/cmTC_88757.dir/src.cxx.o
[2/2 100% :: 0.081] Linking CXX executable cmTC_88757


Source file was:
 #include <alloca.h>
#ifdef __QNXNTO__
// extra include needed in QNX7 to define NULL for the alloca() macro
#  include <stddef.h>
#endif

int main(void)
{
    /* BEGIN TEST: */
alloca(1);
    /* END TEST: */
    return 0;
}

Performing C++ SOURCE FILE Test HAVE_stack_protector succeeded with the following output:
Change Dir: /Users/valerij/Desktop/cpp-starter-project/build/CMakeFiles/CMakeTmp

Run Build Command(s):/usr/local/bin/ninja cmTC_747b0 && [1/2  50% :: 0.026] Building CXX object CMakeFiles/cmTC_747b0.dir/src.cxx.o
[2/2 100% :: 0.079] Linking CXX executable cmTC_747b0


Source file was:
 #ifdef __QNXNTO__
#  include <sys/neutrino.h>
#  if _NTO_VERSION < 700
#    error stack-protector not used (by default) before QNX 7.0.0.
#  endif
#endif

int main(void)
{
    /* BEGIN TEST: */
    /* END TEST: */
    return 0;
}

Determining if the backtrace exist passed with the following output:
Change Dir: /Users/valerij/Desktop/cpp-starter-project/build/CMakeFiles/CMakeTmp

Run Build Command(s):/usr/local/bin/ninja cmTC_b8d37 && [1/2  50% :: 0.173] Building C object CMakeFiles/cmTC_b8d37.dir/CheckSymbolExists.c.o
[2/2 100% :: 0.252] Linking C executable cmTC_b8d37


File /Users/valerij/Desktop/cpp-starter-project/build/CMakeFiles/CMakeTmp/CheckSymbolExists.c:
/* */
#include <execinfo.h>

int main(int argc, char** argv)
{
  (void)argv;
#ifndef backtrace
  return ((int*)(&backtrace))[argc];
#else
  (void)argc;
  return 0;
#endif
}
Performing C++ SOURCE FILE Test HAVE_STDATOMIC succeeded with the following output:
Change Dir: /Users/valerij/Desktop/cpp-starter-project/build/CMakeFiles/CMakeTmp

Run Build Command(s):/usr/local/bin/ninja cmTC_2f822 && [1/2  50% :: 0.143] Building CXX object CMakeFiles/cmTC_2f822.dir/src.cxx.o
[2/2 100% :: 0.202] Linking CXX executable cmTC_2f822


Source file was:
#include <atomic>
#include <cstdint>

void test(volatile std::atomic<std::int64_t> &a)
{
    std::int64_t v = a.load(std::memory_order_acquire);
    while (!a.compare_exchange_strong(v, v + 1,
                                      std::memory_order_acq_rel,
                                      std::memory_order_acquire)) {
        v = a.exchange(v - 1);
    }
    a.store(v + 1, std::memory_order_release);
}

int main(int, char **)
{
    void *ptr = (void*)0xffffffc0; // any random pointer
    test(*reinterpret_cast<std::atomic<std::int64_t> *>(ptr));
    return 0;
}
Performing C++ SOURCE FILE Test HAVE_GETTIME succeeded with the following output:
Change Dir: /Users/valerij/Desktop/cpp-starter-project/build/CMakeFiles/CMakeTmp

Run Build Command(s):/usr/local/bin/ninja cmTC_d6139 && [1/2  50% :: 0.039] Building CXX object CMakeFiles/cmTC_d6139.dir/src.cxx.o
[2/2 100% :: 0.089] Linking CXX executable cmTC_d6139


Source file was:

#include <unistd.h>
#include <time.h>

int main(int argc, char *argv[]) {
    timespec ts; clock_gettime(CLOCK_REALTIME, &ts);
}
Performing C++ SOURCE FILE Test HAVE_atomicfptr succeeded with the following output:
Change Dir: /Users/valerij/Desktop/cpp-starter-project/build/CMakeFiles/CMakeTmp

Run Build Command(s):/usr/local/bin/ninja cmTC_8b3bc && [1/2  50% :: 0.074] Building CXX object CMakeFiles/cmTC_8b3bc.dir/src.cxx.o
[2/2 100% :: 0.123] Linking CXX executable cmTC_8b3bc


Source file was:
 #include <atomic>
typedef void (*fptr)(int);
typedef std::atomic<fptr> atomicfptr;
void testfunction(int) { }
void test(volatile atomicfptr &a)
{
    fptr v = a.load(std::memory_order_acquire);
    while (!a.compare_exchange_strong(v, &testfunction,
                                      std::memory_order_acq_rel,
                                      std::memory_order_acquire)) {
        v = a.exchange(&testfunction);
    }
    a.store(&testfunction, std::memory_order_release);
}

int main(void)
{
    /* BEGIN TEST: */
atomicfptr fptr(testfunction);
test(fptr);
    /* END TEST: */
    return 0;
}

Performing C++ SOURCE FILE Test HAVE_cxx11_future succeeded with the following output:
Change Dir: /Users/valerij/Desktop/cpp-starter-project/build/CMakeFiles/CMakeTmp

Run Build Command(s):/usr/local/bin/ninja cmTC_39d39 && [1/2  50% :: 0.648] Building CXX object CMakeFiles/cmTC_39d39.dir/src.cxx.o
[2/2 100% :: 0.712] Linking CXX executable cmTC_39d39


Source file was:
 #include <future>

int main(void)
{
    /* BEGIN TEST: */
std::future<int> f = std::async([]() { return 42; });
(void)f.get();
    /* END TEST: */
    return 0;
}

Performing C++ SOURCE FILE Test HAVE_cxx11_random succeeded with the following output:
Change Dir: /Users/valerij/Desktop/cpp-starter-project/build/CMakeFiles/CMakeTmp

Run Build Command(s):/usr/local/bin/ninja cmTC_cdb7b && [1/2  50% :: 0.614] Building CXX object CMakeFiles/cmTC_cdb7b.dir/src.cxx.o
[2/2 100% :: 0.666] Linking CXX executable cmTC_cdb7b


Source file was:
 #include <random>

int main(void)
{
    /* BEGIN TEST: */
std::mt19937 mt(0);
    /* END TEST: */
    return 0;
}

Performing C++ SOURCE FILE Test HAVE_cxx17_filesystem succeeded with the following output:
Change Dir: /Users/valerij/Desktop/cpp-starter-project/build/CMakeFiles/CMakeTmp

Run Build Command(s):/usr/local/bin/ninja cmTC_28b9f && [1/2  50% :: 0.672] Building CXX object CMakeFiles/cmTC_28b9f.dir/src.cxx.o
[2/2 100% :: 0.724] Linking CXX executable cmTC_28b9f


Source file was:
 #include <filesystem>

int main(void)
{
    /* BEGIN TEST: */
std::filesystem::copy(
    std::filesystem::path("./file"),
    std::filesystem::path("./other"));
    /* END TEST: */
    return 0;
}

Performing C++ SOURCE FILE Test HAVE_futimens succeeded with the following output:
Change Dir: /Users/valerij/Desktop/cpp-starter-project/build/CMakeFiles/CMakeTmp

Run Build Command(s):/usr/local/bin/ninja cmTC_8930b && [1/2  50% :: 0.039] Building CXX object CMakeFiles/cmTC_8930b.dir/src.cxx.o
[2/2 100% :: 0.091] Linking CXX executable cmTC_8930b


Source file was:
 #include <sys/stat.h>

int main(void)
{
    /* BEGIN TEST: */
futimens(-1, 0);
    /* END TEST: */
    return 0;
}

Performing C++ SOURCE FILE Test HAVE_futimes succeeded with the following output:
Change Dir: /Users/valerij/Desktop/cpp-starter-project/build/CMakeFiles/CMakeTmp

Run Build Command(s):/usr/local/bin/ninja cmTC_bc0d9 && [1/2  50% :: 0.037] Building CXX object CMakeFiles/cmTC_bc0d9.dir/src.cxx.o
[2/2 100% :: 0.088] Linking CXX executable cmTC_bc0d9


Source file was:
 #include <sys/time.h>

int main(void)
{
    /* BEGIN TEST: */
futimes(-1, 0);
    /* END TEST: */
    return 0;
}

Performing C++ SOURCE FILE Test HAVE_ipc_sysv succeeded with the following output:
Change Dir: /Users/valerij/Desktop/cpp-starter-project/build/CMakeFiles/CMakeTmp

Run Build Command(s):/usr/local/bin/ninja cmTC_e9770 && [1/2  50% :: 0.043] Building CXX object CMakeFiles/cmTC_e9770.dir/src.cxx.o
[2/2 100% :: 0.094] Linking CXX executable cmTC_e9770


Source file was:
 #include <sys/types.h>
#include <sys/ipc.h>
#include <sys/sem.h>
#include <sys/shm.h>
#include <fcntl.h>

int main(void)
{
    /* BEGIN TEST: */
key_t unix_key = ftok("test", 'Q');
semctl(semget(unix_key, 1, 0666 | IPC_CREAT | IPC_EXCL), 0, IPC_RMID, 0);
shmget(unix_key, 0, 0666 | IPC_CREAT | IPC_EXCL);
shmctl(0, 0, (struct shmid_ds *)(0));
    /* END TEST: */
    return 0;
}

Performing C++ SOURCE FILE Test HAVE_ipc_posix succeeded with the following output:
Change Dir: /Users/valerij/Desktop/cpp-starter-project/build/CMakeFiles/CMakeTmp

Run Build Command(s):/usr/local/bin/ninja cmTC_0ddb6 && [1/2  50% :: 0.040] Building CXX object CMakeFiles/cmTC_0ddb6.dir/src.cxx.o
[2/2 100% :: 0.091] Linking CXX executable cmTC_0ddb6


Source file was:
 #include <sys/types.h>
#include <sys/mman.h>
#include <semaphore.h>
#include <fcntl.h>

int main(void)
{
    /* BEGIN TEST: */
sem_close(sem_open("test", O_CREAT | O_EXCL, 0666, 0));
shm_open("test", O_RDWR | O_CREAT | O_EXCL, 0666);
shm_unlink("test");
    /* END TEST: */
    return 0;
}

Performing C++ SOURCE FILE Test HAVE_linkat succeeded with the following output:
Change Dir: /Users/valerij/Desktop/cpp-starter-project/build/CMakeFiles/CMakeTmp

Run Build Command(s):/usr/local/bin/ninja cmTC_86885 && [1/2  50% :: 0.039] Building CXX object CMakeFiles/cmTC_86885.dir/src.cxx.o
[2/2 100% :: 0.088] Linking CXX executable cmTC_86885


Source file was:
 #define _ATFILE_SOURCE 1
#include <fcntl.h>
#include <unistd.h>

int main(void)
{
    /* BEGIN TEST: */
linkat(AT_FDCWD, "foo", AT_FDCWD, "bar", AT_SYMLINK_FOLLOW);
    /* END TEST: */
    return 0;
}

Performing C++ SOURCE FILE Test HAVE_poll succeeded with the following output:
Change Dir: /Users/valerij/Desktop/cpp-starter-project/build/CMakeFiles/CMakeTmp

Run Build Command(s):/usr/local/bin/ninja cmTC_55b30 && [1/2  50% :: 0.029] Building CXX object CMakeFiles/cmTC_55b30.dir/src.cxx.o
[2/2 100% :: 0.080] Linking CXX executable cmTC_55b30


Source file was:
 #include <poll.h>

int main(void)
{
    /* BEGIN TEST: */
struct pollfd pfd;
poll(&pfd, 1, 0);
    /* END TEST: */
    return 0;
}

Performing C++ SOURCE FILE Test HAVE_syslog succeeded with the following output:
Change Dir: /Users/valerij/Desktop/cpp-starter-project/build/CMakeFiles/CMakeTmp

Run Build Command(s):/usr/local/bin/ninja cmTC_e2bec && [1/2  50% :: 0.035] Building CXX object CMakeFiles/cmTC_e2bec.dir/src.cxx.o
[2/2 100% :: 0.089] Linking CXX executable cmTC_e2bec


Source file was:
 #include <syslog.h>

int main(void)
{
    /* BEGIN TEST: */
openlog("qt", 0, LOG_USER);
syslog(LOG_INFO, "configure");
closelog();
    /* END TEST: */
    return 0;
}

Performing C++ SOURCE FILE Test HAVE_getifaddrs succeeded with the following output:
Change Dir: /Users/valerij/Desktop/cpp-starter-project/build/CMakeFiles/CMakeTmp

Run Build Command(s):/usr/local/bin/ninja cmTC_c7f4f && [1/2  50% :: 0.055] Building CXX object CMakeFiles/cmTC_c7f4f.dir/src.cxx.o
[2/2 100% :: 0.110] Linking CXX executable cmTC_c7f4f


Source file was:
 #include <sys/types.h>
#include <sys/socket.h>
#include <net/if.h>
#include <ifaddrs.h>

int main(void)
{
    /* BEGIN TEST: */
ifaddrs *list;
getifaddrs(&list);
freeifaddrs(list);
    /* END TEST: */
    return 0;
}

Performing C++ SOURCE FILE Test HAVE_ipv6ifname succeeded with the following output:
Change Dir: /Users/valerij/Desktop/cpp-starter-project/build/CMakeFiles/CMakeTmp

Run Build Command(s):/usr/local/bin/ninja cmTC_0baa7 && [1/2  50% :: 0.058] Building CXX object CMakeFiles/cmTC_0baa7.dir/src.cxx.o
[2/2 100% :: 0.112] Linking CXX executable cmTC_0baa7


Source file was:
 #include <sys/types.h>
#include <sys/socket.h>
#include <net/if.h>

int main(void)
{
    /* BEGIN TEST: */
char buf[IFNAMSIZ];
if_nametoindex("eth0");
if_indextoname(1, buf);
if_freenameindex(if_nameindex());
    /* END TEST: */
    return 0;
}

Determining if the include file pthread.h exists passed with the following output:
Change Dir: /Users/valerij/Desktop/cpp-starter-project/build/CMakeFiles/CMakeTmp

Run Build Command(s):/usr/local/bin/ninja cmTC_7e2b3 && [1/2  50% :: 0.082] Building C object CMakeFiles/cmTC_7e2b3.dir/CheckIncludeFile.c.o
[2/2 100% :: 0.142] Linking C executable cmTC_7e2b3



Performing C SOURCE FILE Test CMAKE_HAVE_LIBC_PTHREAD succeeded with the following output:
Change Dir: /Users/valerij/Desktop/cpp-starter-project/build/CMakeFiles/CMakeTmp

Run Build Command(s):/usr/local/bin/ninja cmTC_4640c && [1/2  50% :: 0.086] Building C object CMakeFiles/cmTC_4640c.dir/src.c.o
[2/2 100% :: 0.147] Linking C executable cmTC_4640c


Source file was:
#include <pthread.h>

static void* test_func(void* data)
{
  return data;
}

int main(void)
{
  pthread_t thread;
  pthread_create(&thread, NULL, test_func, NULL);
  pthread_detach(thread);
  pthread_cancel(thread);
  pthread_join(thread, NULL);
  pthread_atfork(NULL, NULL, NULL);
  pthread_exit(NULL);

  return 0;
}

Performing C++ SOURCE FILE Test HAVE_DASH_UNDEFINED_SYMBOLS succeeded with the following output:
Change Dir: /Users/valerij/Desktop/cpp-starter-project/build/CMakeFiles/CMakeTmp

Run Build Command(s):/usr/local/bin/ninja cmTC_26567 && [1/2  50% :: 0.029] Building CXX object CMakeFiles/cmTC_26567.dir/src.cxx.o
[2/2 100% :: 0.099] Linking CXX executable cmTC_26567


Source file was:
int main() {}
